<?xml version="1.0" encoding="UTF-8"?>
<robot generator="Robot 6.0.2 (Python 3.11.3 on win32)" generated="20230828 12:29:25.888" rpa="false" schemaversion="3">
<suite id="s1" name="Payments" source="C:\Users\m.ahmad\PycharmProjects\ZindigiAutomation\Tests\Payments.robot">
<test id="s1-t1" name="Verify User Can Successfully Pay Bills And Fees Using Zindigi Mobile Application" line="29">
<kw name="Open Zindigi Application" library="LoginPage">
<kw name="Open Application" library="AppiumLibrary">
<arg>http://localhost:4723/wd/hub</arg>
<arg>platformName=Android</arg>
<arg>platformVersion=8</arg>
<arg>deviceName=6NUDU18A17010437</arg>
<arg>appPackage=com.wallet.zindigi</arg>
<arg>appActivity=Views.SN_VNCA</arg>
<doc>Opens a new application to given Appium server.
Capabilities of appium server, Android and iOS,
Please check https://github.com/appium/appium/blob/master/docs/en/writing-running-appium/server-args.md
| *Option*            | *Man.* | *Description*     |
| remote_url          | Yes    | Appium server url |
| alias               | no     | alias             |
| strict_ssl          | No     | allows you to send commands to an invalid certificate host like a self-signed one. |</doc>
<status status="PASS" starttime="20230828 12:29:25.991" endtime="20230828 12:29:42.206"/>
</kw>
<status status="PASS" starttime="20230828 12:29:25.991" endtime="20230828 12:29:42.206"/>
</kw>
<kw name="Fill the Login form" library="LoginPage">
<arg>${ValidUser_Number}</arg>
<arg>${ValidUser_Pin}</arg>
<kw name="Wait Until Element Is Visible" library="AppiumLibrary">
<arg>${Enter_Number}</arg>
<arg>timeout=10</arg>
<doc>Waits until element specified with `locator` is visible.</doc>
<msg timestamp="20230828 12:29:45.331" level="INFO">xpath criteria: //*[@text='Mobile Number']/following-sibling :: *[1]//*[1]</msg>
<status status="PASS" starttime="20230828 12:29:42.206" endtime="20230828 12:29:45.331"/>
</kw>
<kw name="Input Text" library="AppiumLibrary">
<arg>${Enter_Number}</arg>
<arg>${User_Number}</arg>
<doc>Types the given `text` into text field identified by `locator`.</doc>
<msg timestamp="20230828 12:29:45.338" level="INFO">Typing text '03129761208' into text field '//*[@text='Mobile Number']/following-sibling :: *[1]//*[1]'</msg>
<msg timestamp="20230828 12:29:47.542" level="INFO">xpath criteria: //*[@text='Mobile Number']/following-sibling :: *[1]//*[1]</msg>
<status status="PASS" starttime="20230828 12:29:45.331" endtime="20230828 12:29:47.542"/>
</kw>
<kw name="Input Password" library="AppiumLibrary">
<arg>${Enter_Pin}</arg>
<arg>${User_Pin}</arg>
<doc>Types the given password into text field identified by `locator`.</doc>
<msg timestamp="20230828 12:29:47.542" level="INFO">Typing password into text field '//*[@text='PIN']/following-sibling :: *[1]//*[1]'</msg>
<msg timestamp="20230828 12:29:48.259" level="INFO">xpath criteria: //*[@text='PIN']/following-sibling :: *[1]//*[1]</msg>
<status status="PASS" starttime="20230828 12:29:47.542" endtime="20230828 12:29:48.259"/>
</kw>
<kw name="Wait Until Page Contains Element" library="AppiumLibrary">
<arg>${Allow-Button}</arg>
<arg>timeout=10</arg>
<doc>Waits until element specified with `locator` appears on current page.</doc>
<msg timestamp="20230828 12:29:49.249" level="INFO">criteria is com.android.packageinstaller:id/permission_allow_button</msg>
<status status="PASS" starttime="20230828 12:29:48.259" endtime="20230828 12:29:49.249"/>
</kw>
<kw name="Click Element" library="AppiumLibrary">
<arg>${Allow-Button}</arg>
<doc>Click element identified by `locator`.</doc>
<msg timestamp="20230828 12:29:49.249" level="INFO">Clicking element 'id=com.android.packageinstaller:id/permission_allow_button'.</msg>
<msg timestamp="20230828 12:29:49.319" level="INFO">criteria is com.android.packageinstaller:id/permission_allow_button</msg>
<status status="PASS" starttime="20230828 12:29:49.249" endtime="20230828 12:29:49.319"/>
</kw>
<kw name="Wait Until Page Contains Element" library="AppiumLibrary">
<arg>${Allow-Button}</arg>
<arg>timeout=10</arg>
<doc>Waits until element specified with `locator` appears on current page.</doc>
<msg timestamp="20230828 12:29:49.381" level="INFO">criteria is com.android.packageinstaller:id/permission_allow_button</msg>
<status status="PASS" starttime="20230828 12:29:49.319" endtime="20230828 12:29:49.381"/>
</kw>
<kw name="Click Element" library="AppiumLibrary">
<arg>${Allow-Button}</arg>
<doc>Click element identified by `locator`.</doc>
<msg timestamp="20230828 12:29:49.381" level="INFO">Clicking element 'id=com.android.packageinstaller:id/permission_allow_button'.</msg>
<msg timestamp="20230828 12:29:50.242" level="INFO">criteria is com.android.packageinstaller:id/permission_allow_button</msg>
<status status="PASS" starttime="20230828 12:29:49.381" endtime="20230828 12:29:50.242"/>
</kw>
<status status="PASS" starttime="20230828 12:29:42.206" endtime="20230828 12:29:50.242"/>
</kw>
<kw name="check Home Page is open after Login" library="HomePage">
<kw name="Wait Until Page Contains Element" library="AppiumLibrary">
<arg>${Customer-Balance}</arg>
<arg>timeout=25</arg>
<doc>Waits until element specified with `locator` appears on current page.</doc>
<msg timestamp="20230828 12:29:56.347" level="INFO">xpath criteria: //*[@text='PKR']/preceding-sibling :: *[last()-1]
xpath criteria: //*[@text='PKR']/preceding-sibling :: *[last()-1]
xpath criteria: //*[@text='PKR']/preceding-sibling :: *[last()-1]
xpath criteria: //*[@text='PKR']/preceding-sibling :: *[last()-1]
xpath criteria: //*[@text='PKR']/preceding-sibling :: *[last()-1]
xpath criteria: //*[@text='PKR']/preceding-sibling :: *[last()-1]
xpath criteria: //*[@text='PKR']/preceding-sibling :: *[last()-1]</msg>
<status status="PASS" starttime="20230828 12:29:50.248" endtime="20230828 12:29:56.347"/>
</kw>
<kw name="Get Text" library="AppiumLibrary">
<var>${Initial_Balance-Amount}</var>
<arg>${Customer-Balance}</arg>
<doc>Get element text (for hybrid and mobile browser use `xpath` locator, others might cause problem)</doc>
<msg timestamp="20230828 12:29:56.779" level="INFO">Element '//*[@text='PKR']/preceding-sibling :: *[last()-1]' text is '6' </msg>
<msg timestamp="20230828 12:29:56.779" level="INFO">xpath criteria: //*[@text='PKR']/preceding-sibling :: *[last()-1]</msg>
<msg timestamp="20230828 12:29:56.779" level="INFO">${Initial_Balance-Amount} = 6</msg>
<status status="PASS" starttime="20230828 12:29:56.347" endtime="20230828 12:29:56.779"/>
</kw>
<kw name="Set Global Variable" library="BuiltIn">
<arg>${Initial_Balance-Amount}</arg>
<doc>Makes a variable available globally in all tests and suites.</doc>
<msg timestamp="20230828 12:29:56.779" level="INFO">${Initial_Balance-Amount} = 6</msg>
<status status="PASS" starttime="20230828 12:29:56.779" endtime="20230828 12:29:56.779"/>
</kw>
<kw name="Log" library="BuiltIn">
<arg>${Initial_Balance-Amount}</arg>
<doc>Logs the given message with the given level.</doc>
<msg timestamp="20230828 12:29:56.779" level="INFO">6</msg>
<status status="PASS" starttime="20230828 12:29:56.779" endtime="20230828 12:29:56.779"/>
</kw>
<kw name="Should Be True" library="BuiltIn">
<arg>${Initial_Balance-Amount}</arg>
<arg>&gt;=0</arg>
<doc>Fails if the given condition is not true.</doc>
<status status="PASS" starttime="20230828 12:29:56.779" endtime="20230828 12:29:56.779"/>
</kw>
<status status="PASS" starttime="20230828 12:29:50.248" endtime="20230828 12:29:56.779"/>
</kw>
<kw name="Open Payments Page By Clicking On Payments Button" library="Navigation">
<kw name="Wait Until Page Contains Element" library="AppiumLibrary">
<arg>${Home_Button}</arg>
<arg>20s</arg>
<doc>Waits until element specified with `locator` appears on current page.</doc>
<msg timestamp="20230828 12:29:57.035" level="INFO">xpath criteria: //*[@text='Home']</msg>
<status status="PASS" starttime="20230828 12:29:56.779" endtime="20230828 12:29:57.035"/>
</kw>
<kw name="Click Element" library="AppiumLibrary">
<arg>${Payments_Button}</arg>
<doc>Click element identified by `locator`.</doc>
<msg timestamp="20230828 12:29:57.035" level="INFO">Clicking element '//*[@text='Payments']'.</msg>
<msg timestamp="20230828 12:29:57.369" level="INFO">xpath criteria: //*[@text='Payments']</msg>
<status status="PASS" starttime="20230828 12:29:57.035" endtime="20230828 12:29:57.369"/>
</kw>
<status status="PASS" starttime="20230828 12:29:56.779" endtime="20230828 12:29:57.369"/>
</kw>
<kw name="Click Pay Bills and Fees on Payments Page" library="PaymentsPage">
<kw name="Wait Until Page Contains Element" library="AppiumLibrary">
<arg>${Pay_Bills/Fees_Button}</arg>
<arg>15s</arg>
<doc>Waits until element specified with `locator` appears on current page.</doc>
<msg timestamp="20230828 12:29:59.290" level="INFO">xpath criteria: //*[@text='Pay Bills and Fees']
xpath criteria: //*[@text='Pay Bills and Fees']</msg>
<status status="PASS" starttime="20230828 12:29:57.375" endtime="20230828 12:29:59.290"/>
</kw>
<kw name="Click Element" library="AppiumLibrary">
<arg>${Pay_Bills/Fees_Button}</arg>
<doc>Click element identified by `locator`.</doc>
<msg timestamp="20230828 12:29:59.290" level="INFO">Clicking element '//*[@text='Pay Bills and Fees']'.</msg>
<msg timestamp="20230828 12:29:59.525" level="INFO">xpath criteria: //*[@text='Pay Bills and Fees']</msg>
<status status="PASS" starttime="20230828 12:29:59.290" endtime="20230828 12:29:59.525"/>
</kw>
<status status="PASS" starttime="20230828 12:29:57.369" endtime="20230828 12:29:59.525"/>
</kw>
<kw name="Select Category from drop down" library="PaymentsPage">
<kw name="Create List" library="BuiltIn">
<var>@{expected_Categories}</var>
<arg>Electricity</arg>
<arg>Gas</arg>
<doc>Returns a list containing given items.</doc>
<msg timestamp="20230828 12:29:59.525" level="INFO">@{expected_Categories} = [ Electricity | Gas ]</msg>
<status status="PASS" starttime="20230828 12:29:59.525" endtime="20230828 12:29:59.525"/>
</kw>
<kw name="Set Global Variable" library="BuiltIn">
<arg>${Category_list}</arg>
<doc>Makes a variable available globally in all tests and suites.</doc>
<msg timestamp="20230828 12:29:59.525" level="INFO">${Category_list} = </msg>
<status status="PASS" starttime="20230828 12:29:59.525" endtime="20230828 12:29:59.525"/>
</kw>
<kw name="Wait Until Page Contains Element" library="AppiumLibrary">
<arg>${Category_DropDown}</arg>
<arg>15s</arg>
<doc>Waits until element specified with `locator` appears on current page.</doc>
<msg timestamp="20230828 12:30:00.550" level="INFO">xpath criteria: //*[@text='Category']/following-sibling::*[1]/child::*[1]
xpath criteria: //*[@text='Category']/following-sibling::*[1]/child::*[1]</msg>
<status status="PASS" starttime="20230828 12:29:59.525" endtime="20230828 12:30:00.550"/>
</kw>
<kw name="Click Element" library="AppiumLibrary">
<arg>${Category_DropDown}</arg>
<doc>Click element identified by `locator`.</doc>
<msg timestamp="20230828 12:30:00.550" level="INFO">Clicking element '//*[@text='Category']/following-sibling::*[1]/child::*[1]'.</msg>
<msg timestamp="20230828 12:30:00.671" level="INFO">xpath criteria: //*[@text='Category']/following-sibling::*[1]/child::*[1]</msg>
<status status="PASS" starttime="20230828 12:30:00.550" endtime="20230828 12:30:00.671"/>
</kw>
<kw name="Wait Until Page Contains Element" library="AppiumLibrary">
<arg>${Categories}</arg>
<doc>Waits until element specified with `locator` appears on current page.</doc>
<msg timestamp="20230828 12:30:01.500" level="INFO">xpath criteria: //*[@text='Category']/following-sibling::*[3]/child::*/child::*/child::*/child::*</msg>
<status status="PASS" starttime="20230828 12:30:00.671" endtime="20230828 12:30:01.500"/>
</kw>
<kw name="Get Webelements" library="AppiumLibrary">
<var>@{Category_list}</var>
<arg>${Categories}</arg>
<doc>Returns list of [http://selenium-python.readthedocs.io/api.html#module-selenium.webdriver.remote.webelement|WebElement] objects matching ``locator``.</doc>
<msg timestamp="20230828 12:30:02.305" level="INFO">xpath criteria: //*[@text='Category']/following-sibling::*[3]/child::*/child::*/child::*/child::*</msg>
<msg timestamp="20230828 12:30:02.305" level="INFO">@{Category_list} = [ &lt;appium.webdriver.webelement.WebElement (session="5bfc3d53-f5f8-424d-a634-d89f33859d9f", element="00000000-0000-02bb-ffff-ffff0000015f")&gt; | &lt;appium.webdriver.webelement.WebElement (session="5bfc3d53...</msg>
<status status="PASS" starttime="20230828 12:30:01.500" endtime="20230828 12:30:02.305"/>
</kw>
<kw name="Create List" library="BuiltIn">
<var>@{actual_Categories}</var>
<doc>Returns a list containing given items.</doc>
<msg timestamp="20230828 12:30:02.305" level="INFO">@{actual_Categories} = [ ]</msg>
<status status="PASS" starttime="20230828 12:30:02.305" endtime="20230828 12:30:02.305"/>
</kw>
<for flavor="IN">
<var>${Category}</var>
<value>@{Category_list}</value>
<iter>
<var name="${Category}">&lt;appium.webdriver.webelement.WebElement (session="5bfc3d53-f5f8-424d-a634-d89f33859d9f", element="00000000-0000-02bb-ffff-ffff0000015f")&gt;</var>
<kw name="Log" library="BuiltIn">
<arg>${Category.text}</arg>
<doc>Logs the given message with the given level.</doc>
<msg timestamp="20230828 12:30:02.325" level="INFO"/>
<status status="PASS" starttime="20230828 12:30:02.305" endtime="20230828 12:30:02.325"/>
</kw>
<kw name="Append To List" library="Collections">
<arg>${actual_Categories}</arg>
<arg>${Category.text}</arg>
<doc>Adds ``values`` to the end of ``list``.</doc>
<status status="PASS" starttime="20230828 12:30:02.325" endtime="20230828 12:30:02.343"/>
</kw>
<status status="PASS" starttime="20230828 12:30:02.305" endtime="20230828 12:30:02.343"/>
</iter>
<iter>
<var name="${Category}">&lt;appium.webdriver.webelement.WebElement (session="5bfc3d53-f5f8-424d-a634-d89f33859d9f", element="00000000-0000-02bb-ffff-ffff00000160")&gt;</var>
<kw name="Log" library="BuiltIn">
<arg>${Category.text}</arg>
<doc>Logs the given message with the given level.</doc>
<msg timestamp="20230828 12:30:02.361" level="INFO">Credit Card</msg>
<status status="PASS" starttime="20230828 12:30:02.343" endtime="20230828 12:30:02.361"/>
</kw>
<kw name="Append To List" library="Collections">
<arg>${actual_Categories}</arg>
<arg>${Category.text}</arg>
<doc>Adds ``values`` to the end of ``list``.</doc>
<status status="PASS" starttime="20230828 12:30:02.361" endtime="20230828 12:30:02.380"/>
</kw>
<status status="PASS" starttime="20230828 12:30:02.343" endtime="20230828 12:30:02.380"/>
</iter>
<iter>
<var name="${Category}">&lt;appium.webdriver.webelement.WebElement (session="5bfc3d53-f5f8-424d-a634-d89f33859d9f", element="00000000-0000-02bb-ffff-ffff00000162")&gt;</var>
<kw name="Log" library="BuiltIn">
<arg>${Category.text}</arg>
<doc>Logs the given message with the given level.</doc>
<msg timestamp="20230828 12:30:02.398" level="INFO"/>
<status status="PASS" starttime="20230828 12:30:02.380" endtime="20230828 12:30:02.398"/>
</kw>
<kw name="Append To List" library="Collections">
<arg>${actual_Categories}</arg>
<arg>${Category.text}</arg>
<doc>Adds ``values`` to the end of ``list``.</doc>
<status status="PASS" starttime="20230828 12:30:02.398" endtime="20230828 12:30:02.414"/>
</kw>
<status status="PASS" starttime="20230828 12:30:02.380" endtime="20230828 12:30:02.414"/>
</iter>
<iter>
<var name="${Category}">&lt;appium.webdriver.webelement.WebElement (session="5bfc3d53-f5f8-424d-a634-d89f33859d9f", element="00000000-0000-02bb-ffff-ffff00000163")&gt;</var>
<kw name="Log" library="BuiltIn">
<arg>${Category.text}</arg>
<doc>Logs the given message with the given level.</doc>
<msg timestamp="20230828 12:30:02.431" level="INFO">Electricity</msg>
<status status="PASS" starttime="20230828 12:30:02.414" endtime="20230828 12:30:02.431"/>
</kw>
<kw name="Append To List" library="Collections">
<arg>${actual_Categories}</arg>
<arg>${Category.text}</arg>
<doc>Adds ``values`` to the end of ``list``.</doc>
<status status="PASS" starttime="20230828 12:30:02.431" endtime="20230828 12:30:02.449"/>
</kw>
<status status="PASS" starttime="20230828 12:30:02.414" endtime="20230828 12:30:02.449"/>
</iter>
<iter>
<var name="${Category}">&lt;appium.webdriver.webelement.WebElement (session="5bfc3d53-f5f8-424d-a634-d89f33859d9f", element="00000000-0000-02bb-ffff-ffff00000156")&gt;</var>
<kw name="Log" library="BuiltIn">
<arg>${Category.text}</arg>
<doc>Logs the given message with the given level.</doc>
<msg timestamp="20230828 12:30:02.469" level="INFO"/>
<status status="PASS" starttime="20230828 12:30:02.449" endtime="20230828 12:30:02.469"/>
</kw>
<kw name="Append To List" library="Collections">
<arg>${actual_Categories}</arg>
<arg>${Category.text}</arg>
<doc>Adds ``values`` to the end of ``list``.</doc>
<status status="PASS" starttime="20230828 12:30:02.469" endtime="20230828 12:30:02.485"/>
</kw>
<status status="PASS" starttime="20230828 12:30:02.449" endtime="20230828 12:30:02.485"/>
</iter>
<iter>
<var name="${Category}">&lt;appium.webdriver.webelement.WebElement (session="5bfc3d53-f5f8-424d-a634-d89f33859d9f", element="00000000-0000-02bb-ffff-ffff00000157")&gt;</var>
<kw name="Log" library="BuiltIn">
<arg>${Category.text}</arg>
<doc>Logs the given message with the given level.</doc>
<msg timestamp="20230828 12:30:02.502" level="INFO">Gas</msg>
<status status="PASS" starttime="20230828 12:30:02.485" endtime="20230828 12:30:02.502"/>
</kw>
<kw name="Append To List" library="Collections">
<arg>${actual_Categories}</arg>
<arg>${Category.text}</arg>
<doc>Adds ``values`` to the end of ``list``.</doc>
<status status="PASS" starttime="20230828 12:30:02.502" endtime="20230828 12:30:02.522"/>
</kw>
<status status="PASS" starttime="20230828 12:30:02.485" endtime="20230828 12:30:02.522"/>
</iter>
<iter>
<var name="${Category}">&lt;appium.webdriver.webelement.WebElement (session="5bfc3d53-f5f8-424d-a634-d89f33859d9f", element="00000000-0000-02bb-ffff-ffff0000015c")&gt;</var>
<kw name="Log" library="BuiltIn">
<arg>${Category.text}</arg>
<doc>Logs the given message with the given level.</doc>
<msg timestamp="20230828 12:30:02.539" level="INFO"/>
<status status="PASS" starttime="20230828 12:30:02.523" endtime="20230828 12:30:02.539"/>
</kw>
<kw name="Append To List" library="Collections">
<arg>${actual_Categories}</arg>
<arg>${Category.text}</arg>
<doc>Adds ``values`` to the end of ``list``.</doc>
<status status="PASS" starttime="20230828 12:30:02.539" endtime="20230828 12:30:02.557"/>
</kw>
<status status="PASS" starttime="20230828 12:30:02.523" endtime="20230828 12:30:02.557"/>
</iter>
<iter>
<var name="${Category}">&lt;appium.webdriver.webelement.WebElement (session="5bfc3d53-f5f8-424d-a634-d89f33859d9f", element="00000000-0000-02bb-ffff-ffff0000015d")&gt;</var>
<kw name="Log" library="BuiltIn">
<arg>${Category.text}</arg>
<doc>Logs the given message with the given level.</doc>
<msg timestamp="20230828 12:30:02.573" level="INFO">Internet</msg>
<status status="PASS" starttime="20230828 12:30:02.557" endtime="20230828 12:30:02.573"/>
</kw>
<kw name="Append To List" library="Collections">
<arg>${actual_Categories}</arg>
<arg>${Category.text}</arg>
<doc>Adds ``values`` to the end of ``list``.</doc>
<status status="PASS" starttime="20230828 12:30:02.573" endtime="20230828 12:30:02.593"/>
</kw>
<status status="PASS" starttime="20230828 12:30:02.557" endtime="20230828 12:30:02.593"/>
</iter>
<iter>
<var name="${Category}">&lt;appium.webdriver.webelement.WebElement (session="5bfc3d53-f5f8-424d-a634-d89f33859d9f", element="00000000-0000-02bb-ffff-ffff00000159")&gt;</var>
<kw name="Log" library="BuiltIn">
<arg>${Category.text}</arg>
<doc>Logs the given message with the given level.</doc>
<msg timestamp="20230828 12:30:02.608" level="INFO"/>
<status status="PASS" starttime="20230828 12:30:02.593" endtime="20230828 12:30:02.608"/>
</kw>
<kw name="Append To List" library="Collections">
<arg>${actual_Categories}</arg>
<arg>${Category.text}</arg>
<doc>Adds ``values`` to the end of ``list``.</doc>
<status status="PASS" starttime="20230828 12:30:02.608" endtime="20230828 12:30:02.638"/>
</kw>
<status status="PASS" starttime="20230828 12:30:02.593" endtime="20230828 12:30:02.638"/>
</iter>
<iter>
<var name="${Category}">&lt;appium.webdriver.webelement.WebElement (session="5bfc3d53-f5f8-424d-a634-d89f33859d9f", element="00000000-0000-02bb-ffff-ffff0000015a")&gt;</var>
<kw name="Log" library="BuiltIn">
<arg>${Category.text}</arg>
<doc>Logs the given message with the given level.</doc>
<msg timestamp="20230828 12:30:02.649" level="INFO">Maintenance fee</msg>
<status status="PASS" starttime="20230828 12:30:02.638" endtime="20230828 12:30:02.649"/>
</kw>
<kw name="Append To List" library="Collections">
<arg>${actual_Categories}</arg>
<arg>${Category.text}</arg>
<doc>Adds ``values`` to the end of ``list``.</doc>
<status status="PASS" starttime="20230828 12:30:02.649" endtime="20230828 12:30:02.679"/>
</kw>
<status status="PASS" starttime="20230828 12:30:02.638" endtime="20230828 12:30:02.679"/>
</iter>
<iter>
<var name="${Category}">&lt;appium.webdriver.webelement.WebElement (session="5bfc3d53-f5f8-424d-a634-d89f33859d9f", element="00000000-0000-02bb-ffff-ffff00000153")&gt;</var>
<kw name="Log" library="BuiltIn">
<arg>${Category.text}</arg>
<doc>Logs the given message with the given level.</doc>
<msg timestamp="20230828 12:30:02.700" level="INFO"/>
<status status="PASS" starttime="20230828 12:30:02.679" endtime="20230828 12:30:02.700"/>
</kw>
<kw name="Append To List" library="Collections">
<arg>${actual_Categories}</arg>
<arg>${Category.text}</arg>
<doc>Adds ``values`` to the end of ``list``.</doc>
<status status="PASS" starttime="20230828 12:30:02.700" endtime="20230828 12:30:02.724"/>
</kw>
<status status="PASS" starttime="20230828 12:30:02.679" endtime="20230828 12:30:02.724"/>
</iter>
<iter>
<var name="${Category}">&lt;appium.webdriver.webelement.WebElement (session="5bfc3d53-f5f8-424d-a634-d89f33859d9f", element="00000000-0000-02bb-ffff-ffff00000154")&gt;</var>
<kw name="Log" library="BuiltIn">
<arg>${Category.text}</arg>
<doc>Logs the given message with the given level.</doc>
<msg timestamp="20230828 12:30:02.748" level="INFO">Telephone</msg>
<status status="PASS" starttime="20230828 12:30:02.728" endtime="20230828 12:30:02.748"/>
</kw>
<kw name="Append To List" library="Collections">
<arg>${actual_Categories}</arg>
<arg>${Category.text}</arg>
<doc>Adds ``values`` to the end of ``list``.</doc>
<status status="PASS" starttime="20230828 12:30:02.748" endtime="20230828 12:30:02.778"/>
</kw>
<status status="PASS" starttime="20230828 12:30:02.724" endtime="20230828 12:30:02.778"/>
</iter>
<iter>
<var name="${Category}">&lt;appium.webdriver.webelement.WebElement (session="5bfc3d53-f5f8-424d-a634-d89f33859d9f", element="00000000-0000-02bb-ffff-ffff00000171")&gt;</var>
<kw name="Log" library="BuiltIn">
<arg>${Category.text}</arg>
<doc>Logs the given message with the given level.</doc>
<msg timestamp="20230828 12:30:02.808" level="INFO"/>
<status status="PASS" starttime="20230828 12:30:02.778" endtime="20230828 12:30:02.808"/>
</kw>
<kw name="Append To List" library="Collections">
<arg>${actual_Categories}</arg>
<arg>${Category.text}</arg>
<doc>Adds ``values`` to the end of ``list``.</doc>
<status status="PASS" starttime="20230828 12:30:02.808" endtime="20230828 12:30:02.832"/>
</kw>
<status status="PASS" starttime="20230828 12:30:02.778" endtime="20230828 12:30:02.832"/>
</iter>
<iter>
<var name="${Category}">&lt;appium.webdriver.webelement.WebElement (session="5bfc3d53-f5f8-424d-a634-d89f33859d9f", element="00000000-0000-02bb-ffff-ffff00000172")&gt;</var>
<kw name="Log" library="BuiltIn">
<arg>${Category.text}</arg>
<doc>Logs the given message with the given level.</doc>
<msg timestamp="20230828 12:30:02.858" level="INFO">Water</msg>
<status status="PASS" starttime="20230828 12:30:02.832" endtime="20230828 12:30:02.858"/>
</kw>
<kw name="Append To List" library="Collections">
<arg>${actual_Categories}</arg>
<arg>${Category.text}</arg>
<doc>Adds ``values`` to the end of ``list``.</doc>
<status status="PASS" starttime="20230828 12:30:02.858" endtime="20230828 12:30:02.882"/>
</kw>
<status status="PASS" starttime="20230828 12:30:02.832" endtime="20230828 12:30:02.882"/>
</iter>
<status status="PASS" starttime="20230828 12:30:02.305" endtime="20230828 12:30:02.882"/>
</for>
<kw name="Remove Empty Strings And Brackets" library="PaymentsPage">
<arg>${actual_Categories}</arg>
<kw name="Evaluate" library="BuiltIn">
<var>${cleaned_list}</var>
<arg>[item for item in ${actual_Categories} if item != '']</arg>
<doc>Evaluates the given expression in Python and returns the result.</doc>
<msg timestamp="20230828 12:30:02.883" level="INFO">${cleaned_list} = ['Credit Card', 'Electricity', 'Gas', 'Internet', 'Maintenance fee', 'Telephone', 'Water']</msg>
<status status="PASS" starttime="20230828 12:30:02.882" endtime="20230828 12:30:02.883"/>
</kw>
<kw name="Log" library="BuiltIn">
<arg>${cleaned_list}</arg>
<doc>Logs the given message with the given level.</doc>
<msg timestamp="20230828 12:30:02.883" level="INFO">['Credit Card', 'Electricity', 'Gas', 'Internet', 'Maintenance fee', 'Telephone', 'Water']</msg>
<status status="PASS" starttime="20230828 12:30:02.883" endtime="20230828 12:30:02.883"/>
</kw>
<status status="PASS" starttime="20230828 12:30:02.882" endtime="20230828 12:30:02.883"/>
</kw>
<kw name="Remove Empty Strings And Brackets" library="PaymentsPage">
<var>${actual_cleaned_categories_list}</var>
<arg>${actual_Categories}</arg>
<kw name="Evaluate" library="BuiltIn">
<var>${cleaned_list}</var>
<arg>[item for item in ${actual_Categories} if item != '']</arg>
<doc>Evaluates the given expression in Python and returns the result.</doc>
<msg timestamp="20230828 12:30:02.883" level="INFO">${cleaned_list} = ['Credit Card', 'Electricity', 'Gas', 'Internet', 'Maintenance fee', 'Telephone', 'Water']</msg>
<status status="PASS" starttime="20230828 12:30:02.883" endtime="20230828 12:30:02.883"/>
</kw>
<kw name="Log" library="BuiltIn">
<arg>${cleaned_list}</arg>
<doc>Logs the given message with the given level.</doc>
<msg timestamp="20230828 12:30:02.883" level="INFO">['Credit Card', 'Electricity', 'Gas', 'Internet', 'Maintenance fee', 'Telephone', 'Water']</msg>
<status status="PASS" starttime="20230828 12:30:02.883" endtime="20230828 12:30:02.883"/>
</kw>
<msg timestamp="20230828 12:30:02.883" level="INFO">${actual_cleaned_categories_list} = ['Credit Card', 'Electricity', 'Gas', 'Internet', 'Maintenance fee', 'Telephone', 'Water']</msg>
<status status="PASS" starttime="20230828 12:30:02.883" endtime="20230828 12:30:02.883"/>
</kw>
<kw name="Set Global Variable" library="BuiltIn">
<arg>${actual_cleaned_categories_list}</arg>
<doc>Makes a variable available globally in all tests and suites.</doc>
<msg timestamp="20230828 12:30:02.883" level="INFO">${actual_cleaned_categories_list} = ['Credit Card', 'Electricity', 'Gas', 'Internet', 'Maintenance fee', 'Telephone', 'Water']</msg>
<status status="PASS" starttime="20230828 12:30:02.883" endtime="20230828 12:30:02.883"/>
</kw>
<kw name="Log" library="BuiltIn">
<arg>${actual_cleaned_categories_list}</arg>
<doc>Logs the given message with the given level.</doc>
<msg timestamp="20230828 12:30:02.883" level="INFO">['Credit Card', 'Electricity', 'Gas', 'Internet', 'Maintenance fee', 'Telephone', 'Water']</msg>
<status status="PASS" starttime="20230828 12:30:02.883" endtime="20230828 12:30:02.883"/>
</kw>
<kw name="Log" library="BuiltIn">
<arg>${expected_Categories}</arg>
<doc>Logs the given message with the given level.</doc>
<msg timestamp="20230828 12:30:02.883" level="INFO">['Electricity', 'Gas']</msg>
<status status="PASS" starttime="20230828 12:30:02.883" endtime="20230828 12:30:02.883"/>
</kw>
<for flavor="IN">
<var>${ctg}</var>
<value>@{expected_Categories}</value>
<iter>
<var name="${ctg}">Electricity</var>
<kw name="Log" library="BuiltIn">
<arg>${ctg}</arg>
<doc>Logs the given message with the given level.</doc>
<msg timestamp="20230828 12:30:02.883" level="INFO">Electricity</msg>
<status status="PASS" starttime="20230828 12:30:02.883" endtime="20230828 12:30:02.883"/>
</kw>
<kw name="Evaluate" library="BuiltIn">
<var>${is_category_in_list}</var>
<arg>'${ctg}' in ${actual_cleaned_categories_list}</arg>
<doc>Evaluates the given expression in Python and returns the result.</doc>
<msg timestamp="20230828 12:30:02.883" level="INFO">${is_category_in_list} = True</msg>
<status status="PASS" starttime="20230828 12:30:02.883" endtime="20230828 12:30:02.883"/>
</kw>
<kw name="Run Keyword If" library="BuiltIn">
<arg>${is_category_in_list}</arg>
<arg>Perform Action</arg>
<arg>${ctg}</arg>
<arg>${Elec_Consumer_Num}</arg>
<arg>${Receiver_Nick}</arg>
<doc>Runs the given keyword with the given arguments, if ``condition`` is true.</doc>
<kw name="Perform Action" library="PaymentsPage">
<arg>${ctg}</arg>
<arg>${Elec_Consumer_Num}</arg>
<arg>${Receiver_Nick}</arg>
<kw name="Log" library="BuiltIn">
<arg>${ctg}</arg>
<doc>Logs the given message with the given level.</doc>
<msg timestamp="20230828 12:30:02.883" level="INFO">Electricity</msg>
<status status="PASS" starttime="20230828 12:30:02.883" endtime="20230828 12:30:02.883"/>
</kw>
<kw name="Set Global Variable" library="BuiltIn">
<arg>${ctg}</arg>
<doc>Makes a variable available globally in all tests and suites.</doc>
<msg timestamp="20230828 12:30:02.883" level="INFO">${ctg} = Electricity</msg>
<status status="PASS" starttime="20230828 12:30:02.883" endtime="20230828 12:30:02.883"/>
</kw>
<kw name="Run Keyword If" library="BuiltIn">
<arg>'${ctg}' == 'Electricity'</arg>
<arg>Perform Gas Action</arg>
<arg>${ctg}</arg>
<doc>Runs the given keyword with the given arguments, if ``condition`` is true.</doc>
<kw name="Perform Gas Action" library="PaymentsPage">
<arg>${ctg}</arg>
<kw name="Click Element" library="AppiumLibrary">
<arg>${ctg}</arg>
<doc>Click element identified by `locator`.</doc>
<msg timestamp="20230828 12:30:02.883" level="INFO">Clicking element 'Electricity'.</msg>
<kw name="Capture Page Screenshot" library="AppiumLibrary">
<doc>Takes a screenshot of the current page and embeds it into the log.</doc>
<msg timestamp="20230828 12:30:03.734" level="INFO" html="true">&lt;/td&gt;&lt;/tr&gt;&lt;tr&gt;&lt;td colspan="3"&gt;&lt;img src="data:image/png;base64, iVBORw0KGgoAAAANSUhEUgAABDgAAAjoCAYAAAA5jhrUAAAABHNCSVQICAgIfAhkiAAAIABJREFU
eJzs3Xl4VHWaN/zvOVkrQEISWRNEgbAoCbIoEVsJbi2RVhG0Z4Y43eMI9vQ8gz3zXGPbPe883fZ1
9bS+7/PMDDgz3SNOaw/h6UVBBQ02KIQgkLATlCXFmlSAJKSyV2WpOuf94+RUna22pLJU+H76Sqfq
rL+qwlSdu+7ffQsdHS4ZREREREREREQxTBzqARARERERERER9RcDHEREREREREQU8xjgICIiIiIi
IqKYxwAHEREREREREcU8BjiIiIiIiIiIKOYxwEFEREREREREMY8BDiIiIiIiIiKKeQxwEBERERER
EVHMY4CDiIiIiIiIiGIeAxxEREREREREFPMY4CAiIiIiIiKimMcABxERERERERHFPAY4iIiIiIiI
iCjmMcBBRERERERERDGPAQ4iIiIiIiIiinkMcBARERERERFRzGOAg4iIiIiIiIhiHgMcRERERERE
RBTzGOAgIiIiIiIiopjHAAcRERERERERxTwGOIiIiIiIiIgo5jHAQUREREREREQxjwEOIiIiIiIi
Iop5DHAQERERERERUcxjgIOIiIiIiIiIYh4DHEREREREREQU8+KHegBEFEWyDEAGPM0QW05A8LQA
MgBJVjeAHJcGOWMBpISxECACgjCEAyYiIiIiIooOoaPDJYfebOR49dW/h9vtRk5ODtavf8W0vrKy
EqWle2G32wEAOTk5WL58OXJyZg72UHWKizejoqIC2dnZWLOmCNnZ2X06TklJCSoqKuB0NiIjIxP5
+flYvny5bpuR/hxEyul0wuls1C1LTrYN2vnDIsuApwXxzs8gt14EvG6IXdcBjxuQoAQ4ZFkJdghJ
kG2TIQnJEFLvhDR5BeSE9GEV6Oju7saJEycwf/58JCYmDvVwiIiIiIgoBtxSAY7Kykps2vQ2AGDV
qlUoKFgWcL3R2rXrkJeXN+BjtFJauhdbt2713Q8UnAnlgw8+wL59pably5cXorCwEMDIfw5CcTgc
OH36NBwOBxwOhymwYWSzKYGOnJyZyMmZgRkzcqI+plBk2YP42n+D2HwcslfyZ2zIUIIaUu9v3e3e
bSQZgiAA4+aj567XAAyPIMcnn3yCP/7xM3zzm09gxYoVQz0cIiIiGiAulwsffrjN99mrL7Kzs5Gd
nY2VK59FSkpKlEdIRLHklpqiUlVV5bttdSFaUvKp7/bixYuRnGzzBQR27iwZsot7l8utu69mVkRK
fSzp6Rl4+OFlKCkpgdvtRmnpXl+AY6Q/B1YcDgf27StFVZU9ZEDDyO12w263+8Zjs9kwb9483Hff
fQOf8eJ1Ia71Swj1nwDdzZDlvsUqZUkGbhyHOK4C0rj8KA8ywrHIMi5evIijR48CAI4ePYrZs2dj
+vTpSiCGiIiIRgyn04k33vgF3G536I2DUIMjp06dwmuv/QgZGRlRGiERxZpbKsBRWVkJQLnAt5pe
UFtbC0C5SC0qegEAcO1aLex2OxobI7vwHc7y8/NRULAMlZWVsNvtujeVW+U5AJR/Dzt3lvT52wIr
brcb5eXlKC8vR0ZGJgoLC7F48eKoHd9H6kJcw28R13IAkserlAuWBX+GRsRkCI5dwLjFgCRD7vZA
SB78qSHt7W3Yt2+fL9DkdDZi3759mDBhPMaMSR308Wi1tbVi167dOH36NJqanJAkKex9RVHE2LHp
mDdvHh577NEhfyxERETDQXHx5n4HN7TcbjeKizcPSJZvMBUVFXA4HKitjd5nysFis6UgOzsbixcv
ZmCIRoRbJsDhcDjQ1OQEgJBZCNrgR1HRCyPmP/b169fD7e6EzZYcctuR+hwAgN1ehZ07d4aVBZKT
o2T6aGtuOJ2NcDqVf0sOhyPgG7PT2Yji4s0oKSnBqlWropf94mlGfO2/Q3DZIcly76wSQfktAIgT
lCko3V7ld7i83ZA9nRDEZMi/+QLCnywF0gY3zfPMmbM4c+ZrXzaKLMs4c+ZrnDw5Ew8++OCgjkWr
oaEB//RPP4fH4+nT/pIkwelsxN69e7B/fxl+/ON/wLhx46I8SiIiotjhcrlMn8XUz12R0h4nmlm+
obhcLrzzzibY7XbftOVY09h4E5WVp7B37x48++wq5OcPXDav3V415DX9aOS7ZQIcFy74/9jNnGn+
D8vlclnuN5Iu7I1/UNTMhfR05TGO9OfA5XJh586dKC3dG3CbnJwczJiRg7y8vLDfpJxOJyorT6Gq
yo7Tpyst1jdi06a3kZc3D6tWrerf8yl1Is7xb4DLbh27UKdxCACS45U6G50ewBv60GJnHcTmSkiZ
90GouYme35Yi7ruPQhykTA6Xy4WPP/4Y3d3duuXd3d34+OOPsHDhwiGbV7tjx44+BzeMPB4PduzY
gRdffDEqxyMiIhpuHA4Htmwphs1mw7PPrgqQOa3Pdli6tACrV6/u0/mMdeYCXUg7nU5fTbc1a9b0
+3NFSUkJ7HY71qwpGtDAwEBzOp14++3/xLZtWzFz5swB+exfXl4Op9M5oAGO69ev49ChQ2hsbMTa
tWsj2lfJIi7DxYsX0dDQgK6uTgBAUlIyxo8fj5ycHCxduhQ2my1q421vb0Np6T5cuGBHQ8NNdHd3
IS4uDikpozBx4kTcc889uO+++yI65qlTp3Ds2DE4HA64XB2QJAnJyTZMnDgRublz8eCDD0Vt/MPV
LRPgKC8vB6BMvcjIyMDOnTsBwJeOZZVSVlJSopv3b+w2Ek2VlZXYunUr3G4Xli17eEDPBcBXfwMA
Zs5UouUj+TlQ32itpqPYbDYUFCxDQUFBn97oMjIyevdXitaWl5ejpKTElzGkqqw8Bbu9CmvXru3b
H3fJhbj630J0Xwg/MUMUgJQEoMsL9EhAsGkV3c0Q269AyrwPsixDrqkHSo4ChYuAQQhy/PGPf0Rb
W6tumSiKSEpKAgB8+ukneO655wd8HEaXL1/GiRPHffenTp2K733vexg9ekzYx2hvb8OvfvUrXL16
FQBw4sRxXL68DHfeeWfUx0tERDTU3n77bd/noI0bN2D9+ldCfnHUn2BDOPs6HA5s3LjB9/lXlmWs
W7euz+cElPp2S5cWxHRwA1A+y65b9zJ+8pP/hfLycl9tvmgqKSkZkOepq6sL5eWHcOLECVy+fBmS
JCEz87aIjnHgwAF88skOtLe3m9a53W40Nzehquo89u/fj1WrVmHBggX9HvehQ4fw8ccfoaOjw7Su
o6MDDQ31OH26EmVl+/Dtb/8JpkyZEvR47e1t2Ly5GGfPnjHV5XO73WhqcuLs2TP48ssDKCoqCnm8
WHZLBDhcLpevtsSMGTm+2gvK/ekBo5TqNqqBvLjXzkEsKfkUubm5A5bm5nQ6fVkMamQ9kJHwHFRW
VlrO8exvYCOQ/Px85OfnWwY63G43Nm7ciMLCJyN+LsXmMqXmRl9qbCTFAQki4PIAPQHSOWQZQu9M
F6UBiwzvcTvkcamIe3Bu5OeM0Ny5d/uCGWor43HjxuPRRx8FAEyYMGHAx2DU0tKCd955x3d/3Ljx
eOWVHyAhISGi44wePQavvPID/OIXv0BDQz0A4J133sGrr76KtLS0qI6ZiIhoOFE++4QX5BgoxuAG
AHR29q/2h92uNC+YNy+yKcgnT56MuDD8/Pnzw9ru7Nmz6OzsRHx8PHJzcyM6R0ZGBrKysqJam05V
WrrX9MVff509exYVFRU4d+6sZZAgXHv37sFHH32kq602atQopKYqn8+czkZ0dXUBAFpbW7B5838D
QL+CHHv37sGHH36o+3cwZkwqUlPHwOtVpjWrGc1Xr17F22+/je9///uYNGmS5fG6urrw7//+77rX
LiEhAbfdNg6CIKCpyen7t3/tWi1++cv/wF//9f9AVlZWnx/DcHZLBDjU4qKAUn9DrZ8QSk5OTtAa
C9FidY4LF+wD9iagvdgvLCwMenEf68+B0+m0bHubm5uHoqKiAZ3yoAY6SkpKTIGikpJPkZ6eHn4k
W/ZCbNwJyRvGXJNARAFIiQfaZcBjnckhS0q2jvrnVpIkYP/XiFtyFxAn9v3cYVBa7SqZLRcuKB1t
UlPHDOm3IgcOHEBra4vv/mOPPRYwuHHs2DFs27YNRUVFmDNnjml9QkICHn/8cWzZUgxAeZM8cODA
gHxLQkRENJTWrVunCygMZZDDKrgR6gu+gfTee+/CG+Hnubfe+reQ23z11VfYtOltSJKEUaNG4Y03
3ox4bCkpKabAT3l5OZqamvpchNTlcqGkpCT0hmH6+OOPUVlZifr6un4f69KlS/jkk098wY309Ays
WLFCNy2kq6sLJSUlKC3dC0mS4PF4sG3bNsyZM6dP01UuX76M7du3+4IbmZm34emnn9YFsdxuN3bv
3o29e/fA4/GgubkJH374Ib7//e9bHvOjjz7UBTcWLlyElStX+r5E6+rqwueff47PP98Nj8eDtrY2
/OEPv8ff/u3fRTz+WHBLBjhKS0tN22Rlmf/Yrl//imlO30Bwu821L4xtUaNF7ZwCKMELdVoFMDKf
g8bGm7r76htaqItmp9MJu92OyspKuN0uuN1u3x+OjIxMZGYqf+Dz8vIwY0ZO0DfrwsJC5OTMwKZN
m3RvruEG2gAZ8df/DehpDnP7IEQBSE0EnJ2Bt3F3wSP7AyBSuwvS5r0Qv/Owv8bHLaC1tRUHDx70
3Z8yZQoWLlyo2+bYsWO4efMmliy5H8XFm+HxePDOO5vw6qs/xJEjR7B48WJdMdEFCxagrGwfampq
AAAHDx7EN77xDaSmsqsKERGNHNnZ2Vi//hXLIMdgtnF1Op2WwY2hzCbJzLwtrABHR0c7Ojs7MXZs
eshtu7q68OGHH0bU4S0c2muAvXv39Om1Ky0tjeoXpZ9/vlt3XxAETJkyBfHx8bh06VJEx9q1a5cv
U2L06NH4/ve/j4kTJ+q2SUpKwsqVKxEXF4fdu3cBAFpamnHw4AE88sijEY9/165dvrpuY8ak4q/+
6q9MWco2mw1PPfUUvF4v9uz5AgBw7txZXLt2DZMnT9Zt297ejqNHj/ru5+XNw3e/+13TY3jyyScR
FxeHTz/9BIAS3Dl79qzll3Kx7pYIcGgLjL7zziY0NvovLLdt24Y1a4oC/pG7dq12wMc3WFwuF4qL
N/vuGyPXgbIZYvk5yMmZicWLF6OiogJZWVlYt+7lgH+YXS4XDh+uwN69pb42pVaULirKejVYZLPZ
sGzZwwGj2zk5M/HTn77uq7SdlZWFgoKCsB6D4G2F0HpCV3dDEACINiBpEiQhEWK8iG7JC2dnD7og
IDMhHikABE8TBG8jIEn6dMiMZKCpC5D0b7CCKMN76QYEQd9t1mt3QGhzQ0jtX8aLJEm4efMmzp07
i5qaGqSljUVubi6ysrIQHx/6z9HXX3+NiooKNDbehCRJiIuLQ3Z2Nh56aKnpD35/vfvur9HSogSV
4uPj8corP0Bior8WidfrxX//928gSRIEQfC9WXV3d+PYsWP44x8/gyiKKCwsxMWLFzFt2jQkJibi
lVd+gNde+yE8Hg9aWprx7ru/xiuv/CCqYyciIhpqapDjzTff8C1zu90DVuPBSknJp6aL67Vr1w5p
t5N//Md/DLmN2+3Gz372OgBg0aJFIbffvn17VDIajLRfcLrdblRWntJ9ORqKy+UKWty/PzIzb8Pd
d9+N/Px8TJkyBR988EFEAQ6Xy4WqqvO++w888A1TcEOrsLAQFRUVvszeS5cu45FHIh+39rr03nvv
DToF+7HHHkVZ2T54PB7Isoyvv/7a9Hn3yJHD6OxUvriMi4vDU089FfB4TzzxBA4dOuS7jjly5DAD
HLFK+4fN2DpKmRrhMi1zuVxISUkJ2FkkFmkLiy5fXhj0j/tIeg6Kil5AUdELAde7XC7s27cPe/fu
6XOE2e12o6TkU5SUfIr8/HwsX15oCnSkpKT0oS+7DLHpM8iSEm0Q4uIgjcqFnHwn5Pix6Eieh69a
RbR296C9x4ML7S5ICYn4TvZ4JCYBcV1XILirIHs7Edf0OeDt9Ac6RsUDLZI/kiGIkOQ4xJ2+Ao9h
bqgkSxC+PKMUHO2HhoYGvP/++7Dbq3yBgcrKSjz//POYMWNGyP137fqj6c3r6tWrSExMwrPPPtuv
sWmdPHkSFy5c8N1fsmSJrz6Iqru72/dNibHDinq/p6cH//zP/weXL1/GlClT8OqrP0RSUhKWLFmC
srIyAMCFCxdw8uRJ3HPPPVEbPxER0XBgdXE7mMGFjIxM07Jt27bhb/5m/ZB1ZgtHaWkp2tvbkZyc
jGXLggcU7PYqHDx4AAAwfvyEAQl0qCLNrt62bWvUp7kvXLgIixYtwty5/asPd+7cOfT09ABQskBC
BZLi4+ORnZ2NM2eUAEd7e5vldtu3b8fVq1cxadIkPPXUU7ovx27cuOELRgDAtGnTgp5z9OgxSEsb
68tIb242Z3NfvnzFd3vy5Mkha9bl5MxARYUS4KitvRZ021h1SwQ4jD21b95s9BW6ycrKgs2m/IFL
T8/wFWF58803kZJi8xUn7WtfbiO7vQpZWdmD/kfV4XCYorBqJxnAXzx0JD8HVhwOBzZt2hQ0YwOA
rre59t+PlfLycpw6dQpFRS8gLy+ywlNGsuQF2nsv6MdMhzdzJeSkKfCKaSi93oSL1zpQ5+5Cl8cL
WZaRmBCPyaNSMN6m/DGVbDMB20wAEuQx8yC2HoXYvBeypwtIiAOS45TCowDkpEzIKdPgabN+Y/Rc
a+z3H4xz5876ghuAUsj0+vVrOHjwQFgBDrXIk5HL1ffiUlaMH8ieeOKJPh/r8uXLAOCblqIeTw1w
qOdjgIOIiEaS4uLNqKio0C1burSg35+NIlFQUIDKylO+z7KA8tnvrbc2Dusgh/q85eXlhZzGum3b
Nng8HsyZcxeSk5MHNMARCafTaXr9o8E4/aKvOjqUABIAJCQkBs3eUGnrsAkW07b37y/zTWOpqjoP
m82GJ5980rc+PT0df/d3/9N3P5xziqK/Bp4kmac23bzZ4LsdTkF+bQaIcSr/SHFLBDiM35priz6u
WuXvzb169WpfQUplGoJ/n/52D3E6nXjjjV/A7XbDZrP1vVVoHxmzVIwXcOrjG8nPgVFp6V5fL3Sj
rKws5OXNQ15eXsBvGpxOJ6qqqlBZWYnTpyt169xuNzZtehv5+flYufLZPr+Bil1XIKIL3ux1kFKX
QJaB861u/O7CZcheL2TIvoqgoigiJSkJt9us/rMWISfnwJM0A0JGIRKv/D2k7i4gOR7okgCPF1LS
OHjPCpBqGiz2ByR3kLodYaqpqbGcH3rt2vCJIJeV7dNliXznO9/FmDHRrZExZkwqvvOd7+I3v3kP
gDIPUm01R0REFOs++OAD08Xt4sWLsXr16kEdh5o9u3HjBlOQY8uWLVi7du2gjicc+/eXobHxJkRR
DDkdZMeOHXA4HLDZbFi1ahU+/fTTQRplaCUlw2csVh588CE8+OBDEe2jTl0GgMxMc3bQzZuNhvv6
z9RJSUm48847wz5fV1eX7pzaum7+MbX6bqenh66PMm7ceN3xGxsbLR9LLBvYtggxJi8vD2vXrtO1
zMnNzcP69ev7fSGunQNozJ4YTm6V56CkpMQyuJGTk4P169fjtdd+hMLC4NN4MjIykJ+fj3Xr1uH1
13+GxYsXm7YpLy9HcXFxn8cptByCZ9JaSKkPwO2RsLO2CVsv1UGQlekdoiD4fqckJmJMchJmjE4K
fDxBAOLT0D3jPyGnPwDBlgrEC73rEuFtdAGBClTdtE7Fi0Ra2ljL5Skpo/p97Gior6/H+++/75vG
c+edd4Y197UvFi1a5HuTk2UZH3zwAerqhse3LkRERP1x+LA+uJGTkxN0uvBAUoMcxo4XlZWnhmQ8
oXz5pTLdZNas2ZgyZUrA7WpqanzZ2Y8++lhY394PFru9akCyN4ZSfX29rlPJrFmzTdssWLAAo0Yp
n2mTk5OxaNG9/Trn7t27fUVQU1JSdN1dVD093b7bakZKMMb/DlpbWwNsGbtuiQwOo8LCwoDFjfLy
8gYkdS78jhkDIydnZlgtpoCR+xxoaQv8AMp/7P2ZUpKRkYGiohdQWPgk3n77P3XfEhizOyIhTSwC
IMDlkbCrxomvmtogyzIEQYAAQIbgKwiamqL8wUoOq52rAO+EFyAn3g6hczvEzgZ4pfnAqUsBe7ML
PR7L5ZGYO3cuTp06hbq6G75lY8ak4oEHHghrf2MdjFDLI6XtmgIAK1asiMpxA1mxYgXeeust3/1D
hw7hmWeeGdBzEhERDbS8vDzdBa7dbkd5efmQtX63qgWRmzt4U2XCdeLECV9x/4ceCp5dsHXrB+jq
6sIdd9yBxx9/fDCGF7ZAX2JeuGDXrZsxY/qQZnNHYvduf/eTzMzbLIMNU6dOxY9//A+orq7GpEmT
+pUZsX9/ma+DCgDk59+P0aPHmLZT64gAQGJigmm9kTHAEeu1Fq3ckgEOooKCZbp2uUVFL0SlZVlG
RgZee+1Hunmn/Zt2IMDtlfD7SzdwvUOpP6Gd8ycok1Qw2pYEURR626uE2cpVtEFKXwZR9kBu2wbv
YS9kT+C2ZdZhj8hMmTIFzz23Gjt27MDVq1cxdmw6nnnmGeTm5oa1v5qqWVtbi66uLowePRpTptyO
hQujk2Vht1f5bs+fvwAzZ86KynEDmTlzFhYsWIjjx4+Zzk9ERBSrnn12FRwOh+4Lny1blIzWwQ5y
WE2XycrKQlFR0aCOIxxqRkZ2dnbQIppffPE5Ll68iISEBFNXxKFmt1eZmjr419l1HQiXLl06mEPr
s9OnT+PIkSO++4899ljAbVNTUyMqgOp0OvHll18CULoNtre3obq6Btev+6dv5+XNw8qVKy33j7Q1
sLF2iLFQ/kjAAAfdkvLy8vDDH74Gt9sVNHLscDhw4YIdtbW1aGxU5tVlZmYiKysLM2bkBJzCUlT0
AgoKloU8fig9koQPqxtx3aWkn4mCAFnuDWwIACBAkIHRSUm9AQgloyNsYhKk21bA+1EPemqDF1qN
RogjPj4es2bNxunTX+Hq1asYN+42LFy4MOz958+fj/nz52Pjxg2w2+1YuHBRVOfzdnb6i5jee68/
rbCxsRFlZWW44447MH/+fNN+1dXVuvtqQVHtB7tAFi1a5AtwdHZ2+TJ0iIiIYlWg2hfbtm0d1ACH
0imvVLcsKysL69e/MuwKjNrtVb4aYEuWLAm4XX19PXbv3g1AqSMRSU2HwbB5c3hTswsKlg2718BK
Q0MDfve738HrVb4EzM3NCzvzOBxOp9NXmNRo9OjReOyxx/Dww4H70QbKvL6VMcBBt6xg9TXKy8ux
b1+pbq6dShuVzsjIRGFhoWX9jWi0Qdtw7gYkjxeioGRnyDIgCEphUfXPWUJCvCb0ICOSv3NytwdS
xTl4LpnbTplF/6JbkiR4PB7Ex4f/p8jj8UQcrQ5XSoo/be/IkSO+zJLjx49jz54vkJiYiBkzppuK
jn799Ve6++fOnQUAnD17JuQ5jx49qjs/gxtERDRSDMf3NKfTCafTOewurvfs2QtZlpGenoH77w8c
4Pjggw/Q0dGBiRMn4Vvf+tYgjjC08vLyoJ0GVTabDQUFBQM/oH5yu914991fo7VVaQ2bljYWzz33
3KCdv729HUeOHMG4cePDznYmFhmNKpfLhdLSvSgt3Tsi5zOFI9afA5fLhY0bN2DLlmLL4IaR09mI
4uLN2Lhxw8DUGBEEQFAyNwQAyiwUAYIoQhRECIKAZO18O1lGuJkWcmc3pGN2eMq+CrKR/3DR/IiS
lpYGAGhra8eNGzdCbK137do1tLW1AwAyMtKjOCpg+nR/q9oTJ477poxMnz4doiiiu7sbb731b2hv
b4/K+ez2Kl/2hvH8REREscrpdOKttzaaPksNdteSlJQUrFmjn4ridruxceOGsD7nDZba2lrflyOL
Fi0K+MXPwYMHcfbsGYiiiGeeeSaiL4gGy/Llhb6fQF09CgsLh12Aycq7777ry8pNSkpCUdEapKdH
97Pn+PHj8fzzz+P555/HqlWr8Nhjj2POnLt8LWkdDgd+/ev/wv79ZVE970g2/P6riGHaNLyKigr8
8IevDfGIBl8sPwculwtvvvkmnM5QUzXM7HY73njjF1i//pWoZG6oMuJFtEkiujUZC4KavSHIAAQI
htBDpzeM7AYZkEqOwnumGnC5A24DWfLX9UiM3p+LuXPnYvv2j+F0NuLTTz9FQcFSXeGkrq4u329t
amtdXR0OHz7se43uvjv8OY7huP/++/HFF5/77u/YsQN/93f/E9OmTcPjj38Tn322E9evX8OBAwdC
Fv8Kx44dO0znJyIiinXFxZtNAYQ1a4qGpKCkOiVGrQECKEGOTZs24fXXXx/08VjZs+cLeDwe2Gw2
LFtWYLlNS0sLPvnkEwBKkcszZ77GmTNf67ZRu7H19PTg/ff/AADIysoOOuUlmozTjy5csJsyOtLT
M0K2vx0OfvOb93yZuKIoYuXKZzF79pyonyc1NdWyXW1NTQ22bClGbW0tPB4Ptm/fjrlzc00BFkEQ
+jVNZTgGyfpr5D2iIWK3V5n6a9vtVTFTGTgaYv05qK11mIIb6ekZePjhZbp6G06nE1VVVTh8uEI3
XcXtdqOysjKqAY6HJ6ahrK4Z9W6lLawS2PAHOYwlRWUAF9u7MC1Iq1i4OiH/f9vg6eoKvI0MyF4P
IAoQZCWLRM4wV27uq0mTJmHNmiJs2VKMr746ja++Ou1bp/1DXV1djTfffMPyD/eaNUVRb4k2YcIE
rFq1Ctu2bYMsy7h8+TKOHj2KRYsWYfny5aiqOo9Lly5h3759/e4ZfvToUVy+fBmA8phXrlw5rFq8
ERER9ZWxyGRGRuaAdOgLV15eHnbuzNR9zuvLF1oDoampCZWVSse9efPmmabBqk6ePIG2NqWlZ0ND
PRoa6gMes7u7G2Vlyjf+99wzf9ACHOEI1MlyOPnwww99U4gFQcATTywROPkUAAAgAElEQVSPat2N
cEyZMgVr167Dm2++Abfbjc7OTpSVleHpp5/WbZeYmIjOzk4AQE8YHQ+7DJ//jV1VRgIGOIh6ZWbe
BpvN5msjtny5dTvhjIwM5OfnIz8/H5WVlSgu3uzbJ5rBDQDIHpWE5PgEiKKnt7gogN4Co4IsKFNX
DPNbr/fojyHLvdGQmnpIZ2vgLT8HuduwkWZb2euBIEuAIKL3RIAMCLbotGJV5efnQ5IkHDp0EG1t
7bogRltbK3p6epCQkKB7oxcEAWPGjMb99y8ZsCJlBQXLcPLkSVy8eBGAEsGfNWsmxoxJxeOPfxO/
+tUv0dbWit/85r0+n8O4/7Rp07Bs2cP9HDkREdHwsHRpga64p9PZiLfe2oi/+Zv1gz41weVy4a23
NpoCGv3rchc9X3zxBTo7OxEfHx80s2H8+AmYP39B0GM5HA40NNQjISEBc+cqNRvuvPOO6A22n7Ky
soasVXC4du/ejb179/juP/TQUixfvnxIxpKZmYlZs2bj5MkTAKy77SUmJvkCHMbghRV1W1UsTBWK
FAMcRL3UFq9qn/Zw2sbm5eX59snJmRH1bBVRACaOSsY1Vxfk3pawSphDuSWKoqk4hru7G84uDzLi
BMjXG4FL9fB2d0M+dA5yV7dFNoQAydsDWfJCliXl6ILYW6BHhtzbqSVh8m1RfWyAMiXjrrvuQmNj
IyTJ36J227ZtcDgcmDBhAp599lnfclGMQ2Zmpq+Gx0ApKFjmC3AAwGeffYbnnnsec+bMwZIlS3Dw
4MGIjzlhwkTd8YznIyIiGilWr16Nzk63rj2rw+HAO+9swvr1rwzqWIqLzXXVFi9eHNUubH3ldrtx
7JiSKTBz5ixkZWUF3HbOnDmYMyf4FIlf//rXaGioR2JiIl588cWojjUaVq0aXi1tjcrLy/Hpp5/4
Pivfd999Q/7vRJsx3NLSalo/atQoXxHUlpbQTQNu3rzpu52QkIDbbov+5/uhxgAHkUZGRkbEqXPG
fdRvCgD4apCUlu7F1q1bsXbtuohSNEVBwPyxyTjZ2AZJ6g0+QIYgC0pyhWCswKFkYZQ2urD4/27D
6O542Do86gpf+VFZluH19sDb0+VbJwgCBEEE1GP65sHIEAUR8gNzot5HRRAEjB07FmPHjtUtV9Pl
bDbbkExxuueeezB9+nRfkOPgwYN46qmnkZSUhD/90z/DxYuXUFcXWXFU9d9IV1eXLkAyffp03HPP
PdEbPBER0TBQVPQCnE6nbrqK3W6Hy+UatG+NXS4XTp+u1C3LyclBUdELg3L+UEpLS9He3g5BEKJS
22ugabvNRSonJ2dYT1s/ffo03n//D752sHPn5uKFF/48quc4cuQIdu1SWsImJMTj1Vd/GHIf7ReT
Vl2JbrvtNly/fg2A0tI2FLVOCwCMHZs+ImtwsIsKURhcLhcqKipQWro3ZLeUd97ZBIfDofu2QJ1b
2ZeK3aMT4jBltM03HUVE729BDXeY1bs6gdwc3Lh0HtX1l1BbfxnXb1ajwelAY9M1tLTUwdXRgh5P
F7zeHsiypBzJ14VF8reblYG4aZMhpI28FLZgXnzxL5GWpgRePB4PNmz4V/T0KFN7Vq1ahTFjwq9J
smTJEixYsAA9PT3YsOFf4fEoQae0tLF48cW/jP7giYiIhlh5ebmpFkdWVtagpsSnpKSYOnnY7XaU
l5cP2hiCUTNcpkyZgrvvvnuIR2OmncZjs9mQlzevz8d69tnhm71x8eJFbNlSjO7ubgBKMOYv/uIv
on6euLg43LhxHTduXEdNTY2vQ0swjY3+qVWjR48yrZ88ebLvtsPhCNnp78qVy77bI7X2GwMcEXC5
XNi5cyc2btyA0tK9Qz2cIXErPgcOhwM//elPUFy8GVu3bsVPfvK/Ar4xFhdvNr2Z95cA4KmsVKQk
xCttYkUBoqgGOALlVAg4mn0Hku/KgawWJwV8QQtZ/f/emIbsv+trCyv39ogVRyVD+ItHe7up3DpS
U1N1Rblqamp8BafmzJmDn/70dTz44INBizNlZ2fj5Ze/hz/90z8DABw7dkz3ZrZkyRKkploXEyMi
IopVlZWVuq4lgBLcGOzpKQCwbt0603v1li3FQx7kKCvbh8ZGZbpAfv7w7KK2evVqrFlThOXLC/Ha
az8Ka/q2lcWLF0e9Tl20XL9+He+99x46OjoAKMGmF1/8SyQmJkb9XDNnztQdt6xsX9DtW1pacOGC
/7pi6tSppm0WLVqkTFmHkiW8e/fugMc7e/Ysqqurfffnzo1uN8LhYuTlpAygkpISX8Ek9SL2Vps7
fys+B2+//baviKhqy5ZizJw5U/eHvry8XDfX1MrOnSXYubPEd//1138W1ptFnCBgfsYoVDg7IHm9
/gBFEC0pNnR+80GkdHWh61INRChBC1mW4fufIENQl6m3AWXKCmSIYhziHpwLIT4u5Bijpb293RdB
7+npGdRUVqMHHngAX375pa9q+e7du7Fo0SIkJCQgMTERzz//bTz//LfDOlZPT48vLREAUlPThlVV
cyIiomgpLt6su68GN4bi/Tw7Oxvr17+CjRs36D7PbdlSPKQFLx96aCkeemhpVI+p1N3oe+0Nt9tt
yniJxnNUWPhkv48xEFpaWvBf//VfaG5uAqDUS1u7dh1Gjx7d52Nu374dV69exaRJk/DUU0/pAhqj
R4/G7NlzUFl5CgBw+PBhjBs3Ho8//rjpOE1NTXjvvXd9gZeEhAQsWWLu5DJx4kTk5MzE+fPnAAD7
95dh8uTJWLx4sW672tpa/P73v/dNeUlLG4tFixb1+XEOZwxwRODatVrd/crKyhF/cW90qz0HDofD
1L9bVVl5yvfYHQ6H6ZuKUJYuLYgoEj53rA2tHhlnWzogS72dVIJs7/J6cTItAw+teQpJn5ai48RZ
oDeEof4PamCjN41D7m0+K0BWMkUWzkRc/l0RPa7+aGpqwvbtH+P69esAlKj6hx9uw5NPrjDV6RgM
aWlpeOmll/Av//LPAJS2bBs2/Cu+972/iujNr729Hb/61S91Ld1eeumlIXlMREREg2kogxsqqyBH
f9tjqvUkKioqhnVtiXA5nU44HA7k5ka3nW+kn3cH03vvvaurqZaQEB9RlzybLQUvv/yy7/7+/WXY
vVv5Mquq6jxsNhuefFIf3Hn66adx5coVtLa2QJIk7NixHUePHsWMGdORljYWHo8HdXV1OH/+HFwu
l2+/goJlmDJliuU4Vq5ciQ0b/hVutxs9PT3YsqUYhw8fxtSpU5GQkIC6ujp8/fVXvg4qgiBgxYoV
SEqKbofE4YIBDqIggr0ZJyf73xi3bdsa0XFzcnIirsqcJApYkmlDU1cPbri7esMQUOaYBJg+0tTZ
jf3JyXjue88jZf9xNP3fEmWaiqBW2gDE3kKiSr8UwFfXY8o4xK3IB2zRT9EL5NSpk75pIICSalde
Xo6srKwhC6RNmzYN8+cvwIkTxwEAV69exY9+9Fq/jjl//gLceeed0RgeERHRsFNU9AJKS/ciOdmG
oqKisIIb2ou5SIWzrxrkKCkpQWenOyo1IdR2uNnZ2TH9hZ/T6cSmTW/DZrNFNaslOdkWcfH+wVRf
ry/KGWmtvFGj9DUxbt5sNNw3F/0cP348Xn75ZWzevBk3bqhf6F3zFQo1iouLw9KlBXjqqacCjiMr
KwsvvPDn2LKlGB0dHZBlGVVV51FVdd60rSiKePLJFcO+XW9/MMAxDNhs5j/6/alSHIuG63OQkZGB
nJwcU10NpdCSP8KtnVNqt1dh48aNAY+ZlZWFl15a26fxJMWJeGTiGHxxQ0Z9l7e3OGhwzs5ubL/e
jqX592DCxHFo21OO7vPVkDu7Aci9wQ0Bgtz7WxAg3jERyUWPQ0gZ3MhuVZV1/ZLz56uG9IPDihUr
cPp0pa84aH/Ex8fjW9/6VhRGRURENDzl5eWF7BqXlaWvybBvX6kpUzhcxs9pgTIqsrOzsW7duj6d
w0phYSGuXavF1q1bUVJSMmzrTATjdrvhcDhgs9nw7LOropptsWxZwZBm7gy2BQsWoKKiHB0dHUhO
TsaiRfdabnf77bfj7//+77Fr1y4cO3bMMhASHx+P6dNn4JFHHgnZHhgAcnNz8YMf/C1KSkpw5szX
6Orq0q0XRRF33HEHnnhieVjHi2UMcERA+409AEye7O9VnZlp7iGsXTZjhv4iWXus7Oxs2Gw23bzA
GTNyfLeNF/o5OTkYKrfic/DSS2vxzjubfGNPT8/AunXr+vQH22azoajohX79sU9LiMOTWWk41OhG
VVsnJK/U28418D7XXZ34vEHCA1OzMHHdargPVcLb4IR0rhqe2obejA4ZogAk3ncXkp5+AJAB6bgd
sCVDmDAWQkb4XUP6StsKy2qdVXuswTB+/Hi8/vrPsHv3blRWVqK5uQmSJIW9vyiKGDs2Hbm5uXj8
8cdZWJSIiG55KSkppi+RolGofTA/I6akpGD9+ldQXl4Oh8PR5wDNUEpPz0Bubh7y8/OjPpVkMKfu
rF69OuLs6J///OdRHcPUqVPx4x//A6qrqzFp0iRkZmYG3DYxMRErVqzAihUrUFtbiytXrqCjowPx
8XEYOzYds2fPjvh6YeLEiXjxxRfR1dWFM2fOoKnJCUmSMWbMGOTk5AzbqULRxgBHBFavXo3OTjfs
djtyc/N0KVcZGRlYs6bIN1XBGAEtKCiAw+HA6dOVltMTiopewAcffIDOTjcKCpbpIsAFBcvgcDhQ
UVGBrKysIW2zdCs+B+qbl9PphMvlChmdz8mZiaysLN2yvLw8OBwOFBW9EJXofpIo4v7MFKQlxOFU
sxudYWQW3HR3Y8+NVixIt2H2A/cAXi+k/GZIbS7AK8F7sQbiqFFIWHwXYEsCmtshVDcCd4yDfLN1
UAIcc+fOxdmzZ3w9yAElNe/uu+8esuCGKjU1FatWrcKqVcO3zRkREVEsKSp6AW+88QtTMfe+Ur9I
GmwjOd2fIpOamhpxd5KsrCzTtUN/JCUlYf78+VE7XqwROjpcoTLciWgY80gySupduNYe5txVWUZS
UiKenjgGGYkhuqMEqe8xENrb2/HRRx/iyJEjkCQJoiji3nvvxTPPrOxXRWsiIiIanlwuF7Zt2wqH
w4Ha2r5lQGRlZSE7OxvPPrvqlpoSQURmDHAQjQCyDHRIEipbunHT3Y0urxctHi88cu9KlSAgXgDS
4uOQnBCHmWk25NjiIQ5xdoSWx+NBdXU16uvrMX78eNx+++2Ij2eyGRERERERBccABxERERERERHF
PHGoB0BERERERERE1F8McBARERERERFRzGOAg4iIiIiIiIhiHgMcRERERERERBTzGOAgIiIiIiIi
opjHAAcRERERERERxTwGOIiIiIiIiIgo5jHAQUREREREREQxjwEOIiIiIiIiIop5DHAQERERERER
UcxjgIOIiIiIiIiIYh4DHEREREREREQU8xjgICIiIiIiIqKYxwAHEREREREREcU8BjiIiIiIiIiI
KOYxwEFEREREREREMY8BDiIiIiIiIiKKeQxwEBEREREREVHMY4CDiIiIiIiIiGIeAxxERERERERE
FPMY4CAiIiIiIiKimMcABxERERERERHFPAY4iIiIiIiIiCjmMcBBRERERERERDGPAQ4iIiIiIiIi
inkMcBARERERERFRzGOAg4iIiIiIiIhiHgMcRERERERERBTzGOAgIiIiIiIiopjHAAcRERERERER
xTwGOIiIiIiIiIgo5jHAQUREREREREQxjwEOIiIiIiIiIop5DHAQERERERERUcxjgIOIiIiIiIiI
Yh4DHEREREREREQU8xjgICIiIiIiIqKYxwAHEREREREREcU8BjiIiIiIiIiIKOYxwEFERERERERE
MY8BDiIiIiIiIiKKeQxwEBEREREREVHMY4CDiIiIiIiIiGIeAxxEREREREREFPMY4CAiIiIiIiKi
mMcABxERERERERHFPAY4iIiIiIiIiCjmxWSAQ5bloR4CEREREREREQ0jwyrAEW7gQhCEAR6JH4Mp
RERERERERMPfsApwRCtwIcty1AIT6pgY6CAiIiIiIiIavoY0wBEsaGC1LpIMj3CDJeGeh4EOIiIi
IiIiouErfihPbhWEkGU5YIBCEJSfwRqXOhardUREREREREQ0fAxpgMMfzPAvEwRzUok/0CAEWB75
Of3nCxXMkDX79u2cRERERERERDSwBi3AYQ5mhD+NJNjxIiUIQoT7aoMh2gwOuXccDHoQERERERER
DbV+BzjCubj3Bwb6FgSwnq5izuYI9xjhHC+MUfXu558205/yHAySEBEREREREfVdn4qMaoMJwS7K
9YEN63obwe6HWqftlqLW7Qj0Y9y+r+fV3vffVh6fcbpNsGMZj8vgBhEREREREVHfCR0drn63BTHX
tQC0AY1g2QnadYIQatvAhUnDEbioqfX26ljCObx53LJuv0CPy7icmRxEREREREREkYtKgMN3MENg
I/S2uiURnUubuTEY+2mLjSrHCe9cStAmwlMRERERERERUUT6NEXFSrAaG/6ggrZmhbK9skrQbWec
SqJdrj2fWjA00NQT7f7qj7EFrdWxtcfTTkPxj1UwPBbrLBL1OQknmBJuFgoRERERERERmfW7yKgx
Q8FqyoUoqveDdzBR27Kqq/XtY/W/1YCA/9jBxmgOaJin1FhllQTL9BA0ARPltyQFn24iCDBtE/o8
RERERERERBRKyCkqwQMSQLCpJdqWsKG3Uc/nv9i3CkZYBVDMxxRCrgt2LO3+VuMLTA5rm0DrWX+D
iIiIiIiIqG9CZnAEC24oF+rmi3K1WKg6A0Y/tUR7THOr10DBDeuLf30AwjwOq0CHHPC82ikv2vvG
LAxZljTbWp1fXQ/L8wCSaQxW4yciIiIiIiKi8PRpiooa3LAOPiiBDfM69bc+O8JcV8N4Nn2wQZ2S
otbDCCcoYJ2lAYtjWk2PESza4mrbwqr1OrRTVtTSJv5Ahr5bjAhADjhdhYiIiIiIiIgiEzTAYZU1
4Z+Wor/o9wcK9HVL/cEDtaioPpvCHFwQfAEDczaHqAkiQLcuXOYpKqLu+OpyNYAjCOZMEv2Y/C1u
jVkbyrElU3tb9TGIYvD6JUREREREREQUnqABDqsMDeVi3R/UUJeLouBbpw1C+AMFMAUn/MfTH9t/
bn0hUTWIog0uhKrHoX0cxu3UY2mPr27vD2QA/o4vxuCKeVqN+pj9y/WBDONzqR0TgxtERERERERE
fRPWFBV/loK5xoU/QGAVxDBmevgzQIzBCP+h/UEM45QW7dQQbZaFcZzBGLNDlGXaYImsC6QEKjKq
ze7QU5drH6OyzDglJXh9ESIiIiIiIiIKV8guKr4NA3RMMdbjsKpdoW0Taz6mwph8oc2iULc1Zo2E
ytgIZ32gYqGBAzBWXVL82R7amiPaZeoxrIcUuLMKEREREREREYUWQZFR6+CGNnPDn/Wgr5Whz7TQ
TgPRLzfW1lCDGiptQEI9hnad1W3/WK3bwVrX9NAXM/VnjxiLo/oDN8YaIsqxJYvHaS48yuAGERER
ERERUf+EOUUl0LJAHUK0NTSUjiHagIUSNFCPpO1qojuDKZjhv69fp24fjLn4pzrFRd/KVlt0VP/Y
jfU5/IEd/+ZKC1hjtxR9IEV9PoxTf5jFQURERERERNRXYWZwmIMH+qCGv+aGPiNCDXZoMxiUi3lt
MVFj1oey3Fj/QjYEBPpOP90lcHtY/+MUNdkY/kKiapDDn9EBXQDD/1xosz2M2R/a8zHCQURERERE
RNQXYqgNAmVvqJkP/m209TG0RTb9hTaVGIA+cOHvUqJOC/Hv4w8Q6DM2rKaohMuq3avVOdRx+Mdk
bAGrbOMfv3pfDV5op9PoO8cIghgkK4aIiIiIiIiIIhVGBoe5xao2SKB2UNEW0jRnbgi6+9oMBm3b
V+OUE3OhUdEQROl7Nof2WFbn0AZZtGOXJN8zYRiHCG1wxn9f/9xoO6mYu6cwi4OIiIiIiIioL4IG
OPQFPwVTQMPY8tQ/dUObpWFstyroAgPaY2vrX6gZEvrMB/WWOTARCe1UE3N8RJ2CImi21U9PUYi+
7fU1Nfz3/WPWF1JVH7Mo+gMexqKsRERERERERBS+gAEOY40N7W/NVpBl4/QLbfBDn7lhDnao5wKM
tTkCjcnqtpZxjFbbhXcc3xYwTk9Rl/uLlJozN4yZJsq5AGOGhtVza87sICIiIiIiIqJg4gHrC2pt
gMK/DLpl+m3UjinGzA/f1r51/ikayhp/e1njdBHrFqrBsjfMi60DBYGOoS0Y6n+Msm56irGzin9q
iRr0MBYrlXRdU/zHVwqQ6ochWAZ5GPQgIiIiIiIiCiwesK5jEehaWt8lRV9fQtsKVr14D5y5oXYX
0Rf8VI5lnKqiHZd1Fkigx6E9rmGprv6H4Ui+qSn6YqT+9f7ghlUmh36qibHmhvZxByo2ahwWgxtE
REREREREgYXZJtbPatqKsc6Etg6HNiCizdxQgx/6bAZ/JkSoAEuoqSfhPI7g01P0wRltUVNZlnUZ
GcaCpPpOLP5gjzbgoa/ZQURERERERET9EaRNbPDpKUDwWhbW2Q7Kfe0UFmVb0RdUUO4HzlboT3FR
rVBTPrTBCyU4IxrGDOifD39nGHVX85QUqyCM1ZQUZmsQERERERERRSJIgEMROJggmDIQtIEA62MB
/swIdR91aod1QCDQePz1PyL/ifw86rj9j0197IEO4c/S0C6zrm1iPGeosRERERERERGRnikaYc7E
EExTL/RFRM2FQLUX8kpbWetzqMENY8BBn1nhD0qoP6LoL2balx8AEEVRd0x/AAS6MejH5A9yWAUg
1Ba62sKk/sesfy6NWSxWbXeJiIiIiIiIKDymGhz+mhr6ZdrfVvsYKRfugi4Ioi3qqQ1uaIMISn0L
f6FOK9bdT4IHBIz7BJtSI8uwHJO/wKkIWVZaqoii0l1F233FKkjUe9YA47bqYmPVEYaIiIiIiIiI
rERQZDT4tArlgly9WNdPPdEGO/zHMgcD1O0CdzcxjMgiuySSfQJvo4xfkmSL8QH+ehuy6fxKnELU
dWDRFl4NcMYg64iIiIiIiIgoFBEIXYtCzU4wXuxrO6MAavaHoMl0UDM/RN22gX6rWRvhBiv6Uqci
kmNrC4kGG7u29oj2sZuzMgRTgMXYZre/4yYiIiIiIiK6FcUD+iCFOgVDZa4LIUOWBd+FvX8qib62
hDG7Qn8Bb9VWNfCUFP8x/Bu4XJ2688UqY0tdbSBDkiRTkES7XlsnJNRtq6lAxmNo7xvPyZogRERE
RERENJxZ1uAwsgp66GtSmLM2AjHW3lB/B5qWIgiC7kLf7R4ZgQ2VvsuKYApyaGlrgaj3jeuNwQ3t
b+122vOpt43HMI6LQQ4iIiIiIiIarnQBjkAXsfqLX+P2ou62PxvDX2/DvI85eyNQ9xY1uOFydY6Y
oEYw/o4uEmTZnMVhlYmhDQJZrQv0ukYS6GCQg4iIiIiIiIYzXZvY0NkX5roSCnM2h1XnFasOLcpy
iyNqshXc7lsjuKFSa3oYC5hqszuMt41ZGpIkBVwXqKNMoGks/nGFV/yViIiIiIiIaLCJoTcxs77I
1dfxsL6wtjqadcaINrhxq4qPjzcFNKyKvRp/GzMttMGOcKa4BHr9AAY5iIiIiIiIaHgKGOCwuojV
XvhGUnfDSqB9tNMtbuXghiohIcF3Wy3yqv4Ygx5WGR7GAIh2XTjTVhjkICIiIiIiolgQMMBh9S1/
4Ckq5vocoWjbo2oxuGGmz+QAlKwXY3DJH/RQMza0AgUzrLJCrOp3MMhBREREREREw5lFkVFAO21E
uZCFrjCovhCltrCo4Fumbq+9HQ4WsbQWqLuKP8ih1jxRXyup93Wz7oii3tYu1x5Te+xAxUr5WhER
EREREdFwIXR0uHRXzcYAh7JM0K1Xr7OV1q7Kb2UfWRcQ6d1Dd1ttBxtseguzN6x1d3ebMi20v7XP
pz6zI3A3lHACFuF0ZCEiIiIiIiIaSmJfphkYu6QEazcaqNWoVRYBBSfLEqxqb0iSZKq1oS7zv7yB
O65YdWbRnzf4dBUiIiIiIiKioSYGq6lhdT9QV5TAmQXmrh3BWpEyeyOwpKRkXcBCDXhogx6A9Wun
LjJOFwoU0NAyvk4MShEREREREdFwY1lkNFgrUc1WvlvGKRKBWpmaz+O/zYvm8GgzM7Q//kCHpNnG
nJFhDEoFC4oYb2sDHcziICIiIiIiouEk3mqhVbBBvbj119DQTznxtzD1i6ReAy+Yw2Ns8eoPKinr
ta+DJOmff/1rBRjrc4R6vUIVHSUiIiIiIiIaKgHbxKpYc2G48WdqGOtxAP7pKP5Cr1br1ftC0Ckr
1tOS+G+BiIiIiIiIhh/LDA5VuN/Qm6e0RPatfiwGUTyShPN1ddh8tBzOjnbcmTkO3118PyaMSYU4
gFkNkqSfLqL8liAIAiRJgr5dr5qtoa6XIYqi4blWMj60LWWD1UgxnpuIiIiIiIhoOAjaJtaqnaja
JlZtDeufriLCP0XF3xpW320Fviku2u20F9KxUGTU4/Wi9IIdvzt+GO6eHt/ySamp+JMF92HR7VMH
7Nytra0BXhf/66MQfAEO9UfJ+tAvU/fVtv/VT2OB7vihlhERERERERENhZBTVKzc6he2R2quYuup
47rgBgA0tLfjg1PHBvTc2s4p6lQVbatYc9FRZZ2a3RFsWou2hop1gVJ9YdlYy7ohIiIiIiKikcs3
RSUaUw5G+kWvJMs44ajBf+wvhWTxOCVZNgU9oj4G3xQVaH77C436X0e1KKy+cwqA3mXWU08A8xQV
qykpI/l1JiIiIiIiotgTtAYH+fV4vSi/cgm/OVxuGdwAgNFJSfjm7LsHdBxKBgcgy/qpKaIoQBDU
rAvRF5CQJP+0In+wQl9cNFjXHOM6q+kxRET9UdvSjP/n04/D3p641aIAACAASURBVF4AECeKSIiL
gy0hAWOSkjF+TCqmjB2LGeMmYNb4CQNaC4louPjll/twuPqKbpktIQH/8dyfDc2AiIiIhpgvwBGN
i9WR/K3+oSuX8NvjR+Du6bZcL4oiVt+zEA9NzxnQcfjrZMi6ZZIk6WptaDM6RFGEIPgDE/5t1W4r
gi7YoQY/jLU4rLI4GOQgov6SZRndHk+f9m1xu3EDrbA31PuWjU5Kwn1T78ATc+YiK21stIZJNOx0
ez19/m+HiIhoJOpTBsetdGHrlSQcranG2wfKECh8kxgfj+/cdz8KZswc8PEotTSgCWbImmwMUTel
RBQBQOmuonRPUX+rAS19MMP/WzlXsAwPIqLhqr2rC3uqzqPUXoVHZ83Bny28DwlxcUM9LCIiIiIa
YBEVGdVmaBgLToa7byxleXR5PCi7WIVfHdgXMLgxKikJz92zCEvumDYoY1KKimp/ZEiSWlxUWaYv
OKreVtr36guLqi19jQVH1SKmVueP7HUnIhoqkixj17kz+PmuEnTxW24iIiKiES9ogKMvF7B92We4
Bj0OXbmIP5w4HjD9UxRFrJ63EI/MnIXE+MEpZ6IGM9TOKNqghrLO32FFWQ/fbe19bScV6+ffX3BU
+6OdzjJcXzciIi17Qz02lO4JWD+JiIiIiEaGkFflag2HW82xmmq8c/DLgJkbgiDg5SUP4RvTpg/q
uPzZFuqUEnW6kLpMgCgKuukoylQUZb06XUV9Sf3TjdRWsdBNfVEDHfrl1gVIiYiiacKYMXhizlzL
dd1eL7o9PWjpdONGaysuNd6Eq9u6RhIAnLpWg9IL5/FwzuyBGi4RERERDTHLAEew7hnKbxHqhba2
tajxejeSC+Dh0mK2y+PBoSsXgwY3khMSsHreQuTfceegjg3wFwhVW8OqXVK0bWP1r5VaSFR5zdTA
iCTB10JW/xpqX7PgnVQY5CCigTTWloLHZ98V1rZeScJXN2rx4amTuoKjWttOncA3puUgkfU4iIiI
iEYky9QMY1cN7W/NVr5b2m2tum8EugjWLh4OwQ2vJOHg5Qv4/fFjAYMboiDgmdz5WJYzE/FDkNmi
Tk/R18pQ622oU0r801GUoqSybwqLtraGegx1WzU4op22YnzpGNwgouEoThQxb/IU/GT5t/DEHOt2
3U0uF044qgd5ZEREREQ0WAJOUQkclNAGLqyXG7M99MES/zp1+stwCG4AwNGaavz3kYrANTcEAS/d
/wAenD4T4hBd3MuyBPP0FOW1kCR1OpFsyuRQthE0QRFAO3XFWDzU34lF24WFwQ0iGt4EAEX35sPe
UIeLN2+a1n91vRaLp4affVfX1oqvb1zD2RvXUdvSgrbOTrR3dQIAUhITkTlqFKZljsO8rGzMy5oS
8r3h9LValF+9bFp+98RJWHJn36c8fnz6JOrb203Ln5qbhwljUnXL3qs4iJ7ejlyqaZm34ZGZ+uk7
l503ceDiBZyrr0N9WyvcPT1IjItH5qhRuCPzNtx3+x1YMOX2kI+5trkZB69cwtm6a7jR2oqOri7E
iSLGJCVjctpY3D1pMr4xbTrG2lL6+OjNOj09+Pr6NZysrcGlm41o7XShtbMTCXFxGJ2UjIxRKZg1
fiLunjgZd0+ajL68o4X7PDqam1B2wY5z9ddxo7UVnR4PUhISkWpLRs64CbgnawoWhvE8qjYd+tJ3
+3Jjo2m9x+vVbaOVIIr47uIlYZ0HAJrdLnx56SIuNNShusmJ9q5uuHu6YUtIwOikJGSlpSNn/Hgs
yL4d2WPTwz4uERHRQOlzm1gAuotgdbnaZlRbiFJ9z1a31V4oD4fgRo/Xi8NXr+CXX5YGzNxISUzE
07n3YMmdM4YsuKHS1tfwt4PVBjDUmhySryaHP+Ah9gZJRIupKYLutTK2jDUGsdRzEhENJwKAx2fd
jV/e3Gdad66uLuT+MoCj1VdRcuY0quoDb9/tdqPZ7cbFmzex+/xZ3DZqNFbPX4AHp+UE3Gdiair2
2c+b3msqa2uQf8e0Pr2/3Oxoxwcnj5uKqGakpOAv8x8wbb/vot0UyHd1d/kuzOva2vBexUFUXnOY
9u309KC2pRm1Lc04cOkCssaOxfceWIppmbeZtq1ra8XmI+U44agxrfNIEro87bjZ0Y7Kaw5sPXkM
j826C88vWNSv7MhOTw92nT2DkjNfoa03EGU8r7unBw3tbThfV4ftp09hUmoanrx7LpbOmBXR8x/q
eWxxu7H5aDnKL18yvd5tXZ1o6+pEbXMzSu3nMTltLF64dzHyJmeHPG+p/XzQ9ZIsB9wmMT4+rABH
i9uNLccOo/zKJXgNQRwA6OjuRkd3N+ra2nDcUY3fHz+KnHHjUXhXLu6bekfI4xMREQ0UXYAj0EWr
ORNA1Cz3Z2D4gxeiLoNAva09x3AIbADKB4FDly/hDyePBp2W8nTuPXhk5mwkDPHcban3g4a/Fgcg
y/5Wr6IoWmRyCKYgk3rbn8Vhnn6iff1U2kAHgxtENFzNnTzJcnmTqyPofvaGemw6tB+1zc0Rn/Nm
Rzt+9WUZjly9gvVLH7G8UB83egxyJ2ebggdOlwvHa6qx6PapEZ/3i6pzlh1iIr1gB4CTtTXYuG9P
2G11a5ub8bPPPsHfFjyCeVlTfMu/vHgB/1VxIGBGpFG314tPz5xGVUMd/rbgUaTZbBGNGwCq6uvw
VtkeOF2uiPa73tqCdw4dwF57Ff76wQJTxktfXLzZgP+zdzda3O6wtr/W0oz/9/M/4tsLFuFbc+f1
+/z9UVVfh3/e+7llgCgYe0M9Nuz7ArMmTMD6hx6OakYOERFRuHSfvtRv8bW0GRja2hpW0xWsbg+X
LI1ATjhqUHysAk0BPhCp01K+Ofsu2BISBnl0ZtpaG2qwQ6m5oc+YMbZ3VfaRfLf93VgCF3i1CmAw
uEFEsSA1OcVy2oG7p8fyG2kA+O2xI/jZZ5/0KbihdaymGhv3fREwaG6cwqD6vOpcxOeSZBllF+ym
5aIgBDxPIOfr6vAvez8PO7ih6vF6sbFsL+ra2gAAn3x9Gr88sC/s4IaWvaEeG8q+CPgaBbL7/Fn8
fFdJxMENrYs3G/DjTz7CmRvX+3wMAKhucuKfdu8MO7ihkgH87vhR7L9kfj0HyxXnTbzx+WcRBze0
Gts7MDopOYqjIiIiCp9lHqi+yKQQcrl6XzudIVxDFfvo9npQdtGOf9m7Gx1dXZbbjElKxp/fdz++
MS1nyDM3/NQaGsrzrxYc9RcalXX31X20mTP+fWAKQBmDHwrz1JThHrgiolubaCh2rRWonay7p9sy
E0I93pT0DMydlIUF2bdj5vgJSElMDHj+YzXVOHjpouW6BVNuR3qK+dvtr645UN/eFvCYVo5UX0Gz
23xRvyDb+hyB9Hi9+Pcv98ITYWBB1dnTg+Ij5Si7WIXfHjvcp2OoztfV4ePTJ8Pefv9FO96rOBh0
7Eq9iLGYmJqK5CBfVnT29OCf9+7GZae5fks4erxebNy3B509PX3aHwB+fegAnEEyjdJsNt9PoM8m
2m10P8mBAw+SLOM/D3wZMMCVnpKCGbeNw10TJ2FqembAL32eyp03JEXYiYiIgAA1OIIVGDW3IfUX
nwxkuLSAVXkkCV9evID3Tx0P+A1bvChi1bwFeGh6DuKG0Ru1/3lUio3qXw+15oZ2e20bWED/UNRA
iblrjnoubUaOut6qUw4R0XDi6g4crAgUmCi6Nx/n6m6gtsWfwZE7ORuPzJyNuZMmmy7oJFnG0eqr
KD5ajsYO8wXptsrjeGCauXCoKAhYOn0mPjJcxMsAvjh/Dn+68N5QD89nT4Csj0dnRZa9carWoXu+
JqWmYVnObMydNAljbSnwyjKutTSj/Mpl7Ltw3vK5Pe6oNk29SYqPx0PTc7Bwyu2YlDoWSfHxaHa7
cb7+BnafPwtHc5PleHadO4vCu3KDBiMA4FzdDbwToKBmms2GR2bOwZI7p2FSappvuQzgSmMDPq86
j/0X7aZsEXdPD/517xf438+sjvjLjXCex7rWFhx3VOPzqnOWWS7dXi92fHUK37nPulbGfzz3Z77b
G/Z9gcNXr+jWJ8bH67YJ11fXa1HdZC5aOmfCRHx7wb3IGTdet1wGUNPkxKErl7D/oh1NLhfGjR6N
ghkzIz43Ef3/7N13nFT1vf/x95ltsNKWpbcFFlAURIokFFFAxShgipqouSaaoliiJqab6E35JTHm
amKi9wrGktzEmOTGbhQwWECFWBAUqYJIU5CyLCzs7szvj8OZ075nyrJlZvf1fDx8MHPmtJld1O97
Pt/PF0BjaVCTUSk8dcVZmSPcg8O7iorxTApOi2lqSze9qz+9ukwHa83f4hXGYrr6lKka039AToUb
UrDZZyLZX8NZ6cS7j/0zcJ77V0txjnNXs/EHGVJ4uWCmpwDIFxs/Cg/UJDvciPr3enFBga465TT9
8MlHdVzPXvr8uI+rf1n0yhAxy9L4ioEa2r2HbnziYe0JTEnYvm+ftu3b6xtcO6Yfe5weXbk8FBQ8
v36tzh89NqNvwHdU7dPKbVtD23t27KgRGTSr9HLuI2ZZOn/0WM084cRQ/46upaUa0buPxldU6FfP
zjdWTHi3jejdV3MmTwn1YujYrp36l5Vp2rDj9PuXl+hfa8MhTdWhGv37vU2aXDkk5T3ft9RcuTFp
8BB9YfzHdUxxSeg1S9Kg8u76yoTumjb0WN22aEFomurO6v164u0V+uTIkyKvH3VPUvrPcXiv3po+
bLh+vuApfWhY/ebFDev1HydPaNam5q9tDi+h3KV9qb51+lkqNgQ9lqQBZV01oKyrPjNqjJ56e4XK
j+mQc//fBABoW7L6r5AzGA5PWwl/2x9sTOrdN3zeBt59lg7X1WnxhvW684VFkeFGh5ISXfqxiTq5
YmDO/kfaPz3EDYjc/hv+fby9OFKd02Gq2nCmrQTPCwC5yLRyh6S00zYqupbr57M/re+e8YmU4Ubw
nLNHmAfCq3aY+zl0LT3GuGLGvpqDoW/koyxcs8q4fdqw4xr8tcHlE6do9ohRKQfWJ/bpp7OGj0h5
npP69te3T5+RstFkzLJ02ccnqrJbeAUWSXonxQo2kvTihrXavDtcAfKJ4SfoysmnGsONoMpu3fXt
6WeppDD8fc+Tb62MrAJKJ5PPsVenTvraqdON+xw4fNhYTdGUdlaHg5ZB5eXGcCOoMBbTrBGjjmqp
YwAAGkODR/BRDUft19xBtr8XhP94V/MMlOevXqUHX1sWebWSwkKdN2qsJuTwf6DDzUMTR6amBBuP
+gMQb7PRYFgRDixSTzcCgFy29+BBPbdujfG14T3Nq6t4mSou0hk7YIBx++4D0Y0mp0U0ATVVNATV
xeN6Yf260PaiggKdWtmwKQKTBlemrJjwOmv4CZH/pTimuFhXTJqSUfVBzLIiw6GNafpgzH8nHPAM
7NpNF437WNrrevUvK9Mnjh8Z2l59+JDe2bE9q3NJ2X2Og8u7RS4N++6uhvUBaai6+nAlzObdu1Vb
X9+s9wEAwNEIBRzBiovgNu80B8kNOqKaj4aZv/1vjmKAJ95aob010f+zeenHJuq0ocOM3+TkCu/n
ZOp94k4XsiJ+fjLs7z+nd/qRqfIj13qqAIDjYG2tfvfiIlUfNjePPrFP3ya5bvkxHYwD+qoU/80Z
3a+/upYeE9r+9vZt2ro39Uour2x8V/tqwitdjK8YqI4pGkmmMuuEEzPet6y0VH27mCtcTqkcmtU9
jO7X39jrYn+KlTz21dQYA4Czhh/foGkdpw4Zaty+fMv7xu2pZPM5StLJFealgatqzL/DTaVnp46h
bTur9+vHTz+h5Vs2N9NXUQAAHJ2YZJqeEG4o6eX2bpCC1Rdu5Ua4b4N7Hn8vB3cKRCO+M4OiwoKU
ZbtLN21s0LJ2zcn+yEzhhf+5Kdxwfm6es3mOc8/h7u/9+YSnH1HNASBX1NTWatHa1brxiYf1lqEv
hSR179BRo/r2b/A1auvrdbC21vhPTW2tCg2D9NoUK3vELEunRjRkXJhmydiFa83TU6YPHZ7yuChl
paXqX9Y1q2P6dDZXupzUN7v+HwWxmPp2Docl1RGr3Uh2Q0zT/zJEVUOk06NDR3Vu3z60/aMD4Wkb
qTTkcxzYtdy4vSpihbemMn7AIOP29Ts/1C0Ln9GVD/2vfvfCIi1atzrUswQAgFxRKKWuunCWf7Us
BaakmFdPcb79D1Z1xONuI8voKSlNm3B8cuQoPb3qbW2O6Nr+xpbN+t9Xl+qCk8aqSxbL6zU3ZwqQ
FFzdRJISCk4dcqTqk2L6HTC9HnU+AGhs2/dVaW7EChlKSIfra3XgcK0+2F+l7fv2pu2XcMHocRk1
76yPx7Vy+xa9tnmz3tv9kbbv26vqw4dDq200hmnDjtMjK94I3fuLG9bpc2NONlY2bNmzR6t3hPtT
9C8r07E9ezboPnp17JT1MaURPS56NmCKj6niI9Wyrzuq9oW2WZI279kd+d/4dIpi4c/aVCWTSkM+
x87tzP+/EU80/u9bKif07qNx/Sv0782bjK/vq6nRknfXa8m79vLHg8u7adLgIZo4qFKdGlg1BABA
Y0vOxUg1WHWnLKRaRcPy7OP23vDuGrW8bHMNlE8dcqz6demqXz+30PjtQzyR0JJ316s+HtflGc4f
bm5uZYbkDTOC+9ibnc/YXm3F3j8cdKT77Ak1ALSEvTUHtGjt6kY51+TBQzVx0OCU+8QTCT275h39
483XQyuiNJWupaUa1bdfqCnq/kOH9PLGDTqlMjx1YsGat43nmjY0u6VhvY4pSd+QM6ik0Nx8smNJ
9oPd9kXZTQ3dZ5j6k5D0s/lPZX3tVKqzrKJo2OeYO9Ni50w+Vb9Y+LTWpGnwKkkbdu3Uhl079edX
l+qUymE676ST1KV9eMoVAADNKflVln8Qa15Vw34t/A1Z1Aod/v4c/tVWEom4nKkWzj5N3dchZlka
2r2HvjV9hnHes2SXIL+4YZ1uW7QgZ6ermHpkOJ+xwxRC+HtnmH9e3nN6r+f9EwDyycRBlbp80ikp
96mprdWtC+fr3leWNFu44YhqNmqapnK4vl6LN2wIbS8pLNTkwZk1tjRpSKBvNfMS7177D0VPX2lM
2dZQNOhzzKEvDdoVFen7Z56ts48fmVG1k2RX2vxr7Tu64eG/64X1a5v4DgEASM33Xy/vQDa4VKjD
nQrhn77iP4cTWMQVj5sHxaaQo7n+I9+/rKu+PGGSeqUoo31t83u6f9nL2nOwulnuqWFM1RvOn4kU
4ZG56sPUO8V3tTRBFwDkki7tS3XVKVN11SmnpR14/vfi57R8q3lpWcn+t2bndqXq2bGjenXqZPyn
oU7qa242uvbDD7TpI/9SoS+9u97YQHXioCEqLS5u8D3km5LCopa+hVarMBbTxePG6+ezP62pQ4/L
uMLkYG2t/nvx83r8rRVNfIcAAETz/VfL1Gchup+DHU44+3j7bHgrDLxNS+0qjmAT03hyukpzsSSN
7NNPV0ws0e3PLdSeg+ZmWYs3rFNtfZ2+POGUjNaBbw7ZThGJmo7iBB+xI9/QmKo3giEXjUUB5LqY
Zen4Xn00afBgjR8wSO2K0g+EV2x9X8veM/cdmDhosE4bcqyG9ehp7IfhdfED9zT4nqcMGaaH33w9
9NrCNe/oso9P8j03Of3YYxt07XzVsQFTQZCd3p0668sTJuniceP1+vub9dr7m7R8y/s6kKL5qyQ9
9Pq/dWKfvhqQZbNVAAAaQ4pY3q7EcFm+bd5KDlMFRiKhI2GHHYR4G48mEpYvALFDDkumyoKmErMs
De3RQz+ccY5+Ov8p7aoOd0qvra/X4g3rVZ+I6/KJU1RckDvzZL0hkuk1yRxU2SGT+3MM9kEJBiDO
NoINAM2tfVFR5CCpqKBA7QqLVFJUpGOKi9WncxcNKOuqAWVd1T6DUMPrxQ3rjdsvOXmCZgw/Puv7
bojpw47Vo4Zmo0veXa+Lxo5Xu6Iivbd7l9bv/DB0bGW37hrYtVuz3GeuMK14Ikk/nXmuCg3NQhuq
OIf6Y7SU9kVFmjhosCYOGqy6eFzLt2zWwtWrIyue6uNxLVzzji792MRmvlMAAFIGHLaolTjsqSmW
Z7DsTE0JL2VqHyelruTw95BoLj07ddLlE0/RA8te1vsRnddffvddFVmF+uyYcSrL0dVVgj+nVGFF
1P7e7cHw6siz5M+dwANAUxtQ1lU/PGtmk1/n3V07Q9t6duyYVbhRU1d7VPfQtfQYjezTT8u3+AeN
B2tr9eKG9Tr92OM0f3XE0rARPTxas+MiVouprY+3ubCnORXGYhrbv0Jj+1fo3V0f6n8Wv6jNez4K
7Re1VDMAAE0tsoOUt8+Gl7eng1N5EZxe4m0qemSLc7TnnE7TUXMFSHMa3rOXvvixCSmXOXt50wb9
5fV/62Bt8zQ2y5ZpuV5/A1J3e1C6JrEA0JrtNazI0adzl6zOsWXPnqO+j2lDzdNMnl37jmpqa7Xk
3XBz0WOKSzRhUOVRXzvfDOzazbi86rNrGmfVnXxhqlaJx+PN8nXRoPLu+uFZ56h7h46h10wr1QEA
0BzStMgODo7tbabKADuoiHv2cwbd/qkR/hVa3CAkqhlpc4jFYhres7dunHGOOkaEHLX19Xph/Vrd
98qSZr679EyrnEQvHxsOLRoaYhB+AGgNTL019me5POizjbCc7Zj+A9SlfXjQvumjXfrDv19RTW24
SmRyZWXO9IhqbidXVIS2vbB+jVZs3dKg863ctlUHDZ9xLutQEm4sWxePa9f+8LTbdA7W1urn8/+p
9TvDFU1RSouLNbJPn9D25olYAAAIi0mpV8SIWjnDu4KKv+eDO9gOBh7ua8Fr2P+0ZMghSX06ddac
yVPUM0U3/Bc3rNfdS17QPsM3fs0t/VKu4b4a4eP854uuyEl9fQDIV6ZQYf3ODyOnLQa99O4GLWqE
gCNmWZpSOdT4WtT5pw8bftTXzVefHHlSKNxJSLp90UK9/v57WZ1r8Yb1umXh07pt0QLVxbNdHLbl
dO9g/v+Vpe9tjDzmcH29cftDr/9bK7Zt0c1PPao/vfqKqg7VZHQPmz4KT1Hp0s7cIwUAgKYWS7Uq
hxM4eAMMfy8Nv+DysUe2hio5/P063CkvLV0QYFmWRvbup/8Y9zF1SNGhfcm76/WPN183fpvWnPyf
s39KSXD1FHMA4oZSURUfpscA0Joc37N3aFs8kdCtz87XBkN/DseBw4f1p38v1Z0vLmq0ezktYpqK
yfG9eqtvllNpWpOy0lKdedwJoe01dbW69dn5uuvF57Vt396U59j00S7dsvAZ3fniItXH43pr21b9
7oV/hZq95qqRvcPVE5L08JtvaPNuf0B3uL5ev395se59eXFo/40f7dSCIz1e4omEnnhrpa77+0P6
338vjQz66uJxPfjav42Nb4f16JXtWwEAoFEUpppmkGrw6/BWcbgDbnvpV/v1xJFzxJL7Oiun2K97
G5O2vJhl6aS+/fX9M8/W/5v/lKpqwt9g1NbXa8Hqd5RISF9sgS7h3uVdpdRTRVIFWMEAw1niNxaL
GSs5goEKALQGp1QO0VOrVoYGtR/ur9IPnnhEx/bsqeN69Fa3DseoKFagvTU12vjRTr2+efNRNxcN
6tmxo07o3SejJo3Thra95qJBF4weq3c/2mn8vF7csFYvblirQeXdNLR7d5WVHqMCq0BVh2q0+8AB
vbNjm3YaVlBbummj7ntliW953lzVv6yrBpd3CwVx1YcP6QdPPqKTB1Sod6fOqjpUo3+/t0kfHTgg
S9IZxx2vweV2M9aEpN+/vDj0+19TV6sn316hJ99eoe4dOmpo9+7q0r5U7YqK9VF1tVZse1+7qquN
9zVpcNvrCwMAyA2hVVTCq6aEwwd7m3epUXcft9ojuKqKU6FhKR73Vmv4t+cCy7I0oKyr5kyaovuW
vqQPqqpC+8QTCc1fvUoxy9KnR41JWfGRC7Ltl0HFBoC2on9ZV502dFhkg8rVO3Zo9Y4dac/Ts2Mn
7ajad9T3c2rlsLQBR+d2pRpfMfCor5XvCmIxXXvqNP346Se1eXd4qoRkr5JjWiknld6dOjfG7TWL
80eP0y8W/DO0vba+3tiYNiHpgaUv6eZPzJIkfVBVFRlUOD7cX6UP94f/X8hkdL/+OrFP34z2BQCg
sYWajJoHwukHu94GpJZlhxXuKis68txdCtbe378iS0ssE5vKiN599flxH1PnFHNJF61bo0dXLteB
w7m5uoqXeXpKdscAQGt0yckTdHyv8FSVTH1+3Mf08YGDG+VexlcM1DHFqUPzKUOGqiCWpk94G3FM
cYluPmtmowQ+HUpK9PWpZ+gTx484+htrJif26atPjxqT1TFrP/xAr262+5T07NhRt5z7GZ0y2Nz/
JRsVXcs1Z/KpR30eAAAaKqP/O/KvfGJzAozwANj73Jni4q6o4k5Tcc7pbnf7dOSGglhMo/sN0PVT
T1dpcbhTuSQdqqvTM++8rX+seKOZ7+7oEFwAgKuooEA3TDtT04Zl3gNDkrod00Ffn3p6ow6IiwoK
NGHQoMjXY5al6VneZ2vXrqhI1546XV+aMEldS8NNY9MpiMV06pBhumX2ZzS2/4AmuMOm9ZlRo/W5
MeMUy+CLC0vSzBNO1Oh+/ZPbjiku0RWTp+hHZ8/WhEGDVdiA8GzioMH6/pmfSBvOAQDQlEJTVKIE
/5vpfvvvTEWxl3uNxfx9O9weHd6+HG7PB28gkouD7phlaWj3Hrru1Om65+XFxvLj2vp6PfnWCiUS
CZ07cpQ6lpiXms0l2UxZYTlYAG1BSWGhvvTxyZpSOUxPvr1Cb7y/OXLFicpu3TS+YpDOOPZ4lRRm
/J/SjE2pHKYFq98xvjayTz9179Cx0a/ZGkwbepymVA7Tv9au1rL3NmrNBztUG/EzjFmW+nfpqnED
Bui0oceqa+kxzXy3jWvWiFEa2aev/vbGa3pz6xbVB1aD6HTUhAAAIABJREFUKSoo0Ki+/fTpE0er
omu58RyV3brr6lOmas+4aj2/fp3eeH+zNuzaGfkZFhcU6MS+/TTjuBOOqgIKAIDGYlVXH0iZKgR7
cgQHu25QYfn2tUMNBY5NPkoe657TflxXZ/6PaEuLJxJavmWzfv/yEn10wDxXtX1RkaYMGapLTp7Q
ZPexbt1aSUo2GXVDJWeblayYcfaxm4bGZFnu41jMOvJn7Mj+seTP0WkyKgXP4zYZ9Z4bAFqjunhc
7+7aqV3V+3Wg9rDaFxarS/v26t25s3Fp2cb2tb8/aOyNcMO0MzS6X/5VGbSEQ3V1em/3R9pXczC5
vHv7omKVH9NB/bqUqX1RUQvfYdM4cPiw1u7cob0HD8qSpS7tSzW0Rw+1K8z+/dbF49q6d7e276vS
gcOHFFdCpUUl6t6hgwZ2LWeqFAAgp6QNOEIHBJYhdf50GoX69w0uHZtIhhn+Cg/3uLq6uga/maYW
TyS0YeeH+sXCp409N2KWpY4l7XXnBRc22T0QcABA23D13/6s3QcO+LZ1O6aDbvv0BRlNRQAAAGhr
GjA69VZduMGFqSdHsN+Gs6/bdNRdYcX9J3fFLEtDuvfQ9aedbpzjW1hQoMpu5rLP1oQpKwDQtNZ+
+EEo3JCkqUOHEW4AAABEyDrgcFZLsR+7YYfTRDQYUtj9Nrx9OPz/YxaPJ5L/5GALDqPjevbSRWM/
pvLAfN3B5eU676SxLXRX2cmm30ku9kYBgHy3dNNG4/aaulrd+/KS0PbCWEynDaW5KAAAQJQGdUaz
A4tEaLqK9zWbG2bE4862hG8FFW/gkS8D6ZhlaXzFQPXp3FlPrnpLew5Uq6JrN8047niVH5MfTcqo
wgCAlvPm1vf16+cWakTvPvrkyJM0rEdPWZalt7dv059eXapNu3eFjhnTf0Cz9P4AAADIVw1u/e4G
Gf6Qwp6G4jx2gw5neopzrNuU1DlfIq8G3QWxmL3e+6QpLX0rGTM1iM32GADA0YknEvrTq0slSSu3
bdXKbVuTXwek+rfyrBGjmvzeAAAA8tlRdYj0Tldxt/l7cNiVG/Y/3pDD4U5NsfJmikou8H/O6T+4
bKekEGwAQNN4ds1qbd6927ctXReqUwYP1eDybk16XwAAAPnuqJfAsHtsJAJLvrosy/KEGAlPU1GF
9s+XKSotLVX4EPwMU+3rDZz8q9yYfxb8fADg6NTU1urvy1/L6pj+ZV11yfiPN9EdAQAAtB6NvMZn
wjgI9vbncP7xr5xiDkeQmneKj/PcEQwvvKvehFmhY4P78rMBgKNXXFio6cOOU6b/Rq3s1k3fOX2G
SouLm/S+AAAAWgOruvpAo38tb4+Fww1Iozj7WJYUj8eljP/Xr21Zt26tJHMAEYvFjmyLybKc51by
sbO9oKAg+diyYorFrCPPLcVi9ko49v5W6B87iDJtBwBkY/3OnXro9X9r5bYtxtePKS7WJ44foVkj
Rqkw1sjfRQAAALRSjRZwmIIMU9ARnAYRnKJC/4doUQGHP2ywjoQXli/scMMMyxdseEONbAMOyQ1W
AADZ++hAtZZv2awdVft1sPawSouLNbi8u07s01clhQ3uAw4AANAmNUkFh1cikTgycJYyqcyor6+n
MsBg7do1oSkjTmDkhAxRVRvO9ljM8j12Xy84sr9TAeKf0uIEHgQcAAAAAIBc1eSjU2fZWKcZabBX
vKkpJs0sw6L6YUT11vA2fjU1Dw0eF/45hK/lXRKYnxEAAAAAIJc0+9fv3rDD7rchBZuNSvK8Bmdq
ipczHcXEVAHjBhLm6phgcBEMRQg0AAAAAAC5rMkCjkwGxKbVVeLxeHJAXVdX11S3lzfWrl2TfJzN
1B3Tcr2pBFdciVqFhaADAAAAAJCLmizgyGQgHrWkrPfY2traRr2vfBLsuxFm+vy8j6OWhg0vyxsM
MUzNXk1LyQIAAAAAkAtatENkuqoAZ9BdV1entlQ4kEjY01KiAganr4nz2LuCimlfL2/VTJRgyBRc
rQUAAAAAgFzTLGvQpVv6NZPpD3V1tUokEiouLm70+8slUVUb4aVho6so3LAjceRP+7FlxXyrrtiB
hf/zN52TpXsBAAAAALmuyQOObAbHpkaXzvFOT4jDhw8fCTpKjhzTNPfdXBIJybISWrdunSTzCinh
4McJL/xVFcHQwzwFxV1aNvyzMVd7pFuBBQAAAACAltbkAUe2g2Bz/4dEckqFs9TsoUM1yYakUkLx
eOLIsfEjj+OhbfZ5EoHH8SPnTiSv7d6HG6B4Q4bmbrTp749hByLhzzUYbFi+49xj/VUgznGmH5Pz
c7D/jG5ACgAAAABAS2uWKSrZ8g6gvdskN3gw7edWeziDef9A3H0seVeh9e7vP5fkTu/IbFCfbfhh
6rMRvQKKJcsyV1E4uzj9OWIx0/H+kMINL0xVI24YYm8Lf84AAAAAAOSKnAw4HKnDAn9wER6IW55K
B3t7IuEfqFuWpVgspng8fqQ/RTx5PmcKh1vREQ5ATGKx7Pq2RgU5psoLJ2gJhxsxSfY9B5uN2p+D
N9jwni84xcU5LhE4h/9+CTcAAAAAALkm5wIOU1VBIhHu/+CfPhGu+Ig6t9ODwhnoe6+ZulrDDU7s
7f5zN3Tgb3q/3uvY9xO9Gor9fuLJYMWZwmKaohI+1lQJ4n4Gwc/avC8AAAAAAC0v5wIOh6nRqDfE
8C6V6lRXONu8PSrsP2JKJOrl9PKIaprprfIIT1dxrh+9pG1DW3OYg4JE6PVwsOBUZ8RCoUVwJRVn
H1P/Dcmt6rCrV8zXC4ZKAAAAAADkipwLOII9M9KtKhIVPFiWpXjcrdRwjo3F7IoHZyCfSNjP3fMn
ZAci8YwH8d7eHg1pqhp8f0Gmigl3Sk3Mty049cR7T85n4QQY7nH+Y0zXNt0HQQcAAAAAIFfkXMDh
DJjtvhjeqg23L4S3UsMbXjgVCOFwxKli0JEww0r22HCqNrzjdPcc9rFRg/jgErZH835ThQb+5869
entuuNuD1Rt2AOK9Rrg6w9+3w/48/CFI8LNPZN1rBAAAAACAppRzAYcUnBISfi3IqdZwHnv7UMTj
dqVGPO4PD5z9JfkqOZwBvx2wSHaPC+c64et677eh1QzeqhXzOcJ9P7wBg7dywz6f/Z68lRn2e/Ru
t3x9O+zt7mve92W6T6o3AAAAAAC5JOcCjqjmod5lS4P7xOPOFBPJbSLqrziwqzf81Q/2uZ31Yp3+
G/Z53MG/d/qLuc+Gc43gSiuZvl+nIaiJd3Ow0ac3eHG3x5KBhnPP3qDD+6f32FSVI+ElYwk5AAAA
AAC5JecCDlPlRrCHhDdQiG4IKknONBfrSGjhrcywgwXnNbcnh3NefzDg7bPhXMd0jw15v5lsDwcb
3mVwvZUr3uk21pFpLM7+VuCxv0eHd3pKsBlp8H4INwAAAAAAuSTnAg6HtzLDEazqCA6wnaai/ioO
dyDuLKfqDTmcSg63osMbYnjvJxy+BKsYjrYPR7AyxX9etyLDnZ3iXQrWDia8lRtOuGHvE/OFGc5n
4wQ8wekp3vfn3Rb8rAAAAAAAyAU5F3CYmoQGp6lIwekT4eVfvUGGW7lhvx4MOWyxIwGIv1ojkXCu
72+q6QYLbhPUhjbe9E5T8Z7Tu/ytE9QEVzWx94kdeT35ii/cCDYZde4z2FxUioWuEQw8nPulegMA
AAAAkEtyLuAw9d9wttvMlQPewCMWc6o5/FNVnBDDCSOckMNdGcRdfcR7nUwG9s5yrdlWNgRXYfFP
GfFeP9g/wwlEEkeOiSW3B8MNtyeHG144TUf91RtB/uoN7/0QcgAAAAAAcknOBRySfwAdnKbi9Mbw
hyD2QN+ZmuJWeoRft6sUEp6eG24TUv/1w0vNRk1RCd5zQ99v8LHz3Hnf3m3eag1vkGEHFgptC66U
4q0O8U5NMTUidXinpxBuAAAAAABySc4FHKZVUsLTVcwhg/Pc3s+euuIMyO1qjYQsK+ZbdcWyJPup
M/B3V1XxNy/1V5CkCjQyHfy79+2fFuLvB+Jt9hm+hlu5ocDKKbHkNjvciPnCDDfcCE9Bcd+naUqM
v7EpAAAAAAC5IOcCDtMUj/BAOjylIh63g4/wvt6Buj39xFu5kUgkVFDgXT0l5jnO6cPhPXe4yak7
6Pc340zFtL8pbAg2HXWXhnVfd6fZ+KsyvM1Hg9u8+/mrO6Km4JgrOgg5AAAAAAC5IOcCDq/o6oxE
cmDucHpq+KeSOEGIW8nhTl+xqzmckMM+h3tOJwBxrusGHe4KJG7vjnD/jWwG/sGgJLhyibd5abBn
hht6eJd3TRiDDDcEcd+DvSxssIGqO4Ul+F4INAAAAAAAuSjnAg5vqBFsNuqEEcGeFf595RnMu0GB
04PD6evhDPCPXNUQpgSnqPirNPzhx9E33fTej7+SwrwkbrBhqL2PE94401Niye32fQeXhPUGJ+H+
HKZ7ZIoKAAAAACAX5VzAka4KItWg2ht2+BuI2qGGs7qKv5rDbkDqBiT+83tDFaeKIzhVJeq+TKFH
6pVY/MGBvW/MOC3FPcb7mnfaSnC1FPO0lPA9G2/N+D6ZogIAAAAAyBU5F3BI4SoO73Znm7uPtz+F
u6/3Ne9A3J6G4lZzeIMO+xrBcwT7UqQPNZzXTGN/Z1uwAiXqcwiex51ektySfGSayhIMN+z7j/mC
EX+1iCVTkOLcc7A3CAAAAAAAuSDnAo5UfTcijvD14/BXGEjBAMTZzxR0uMe41RNO4GGakuIVNa0j
E8Flao3vMrmDv+lo8HVvsOGfkuJ8TuEqD+e4YPWK+free6Z6AwAAAACQG3Iu4HBkUiEQbDrq7Y/h
DODtfhvJI0LndvpWOIFAuHLE3wvDfG23mWlDOEu6ZjJ9xXnsr7JIeEIN+57dvhxuBYizXGzwnKn6
bkTdC9UbAAAAAIBcknMBR7CJqFew/4N3u3dlFX8vjpgnzAgGAeHBut2zIuE5h//a3vsLV5vEsh74
BxumBs8dDB3801XcSg0n1PCGO8Fgxxt6eM9nCjeClSr+zyT6/gAAAAAAaAk5F3B4BQf/wdck/9QR
b98NR3DpVe90ECeQCA7mgxUe3pVMohp+Otc2Ne5Mxbkf83ST4HSY6CkpDrtCw1/R4j2X91hnmVjT
tVM9p3oDAAAAAJBrrOrqAzk3Wk1VJeHdJ/g4auAdfN1dGcW7T/T+qe7Pkb5XiJnpuHTVEaYmoMH3
Ygo0sjufeQUbqjcAAAAAALkoJys4TCt1ZNuTw37uDy5MA3jv9BXnuVP9ENVYM6qqxJkSkw1Tw1Dn
3KmDhGC1SrjnhjmkMDdkTcVt0JpIG5YAAAAAANAScjLgkPwDf+/gOhguZFJN4QQWUcfaj91j/cf5
ecODYN4SnlKSWnSvEf/KKsH7cFdIMVdcmKeZuKvERFVnRB2b6nMDAAAAACAX5GzAEaxeyKTxqCMc
iLj9KoIrrZh6cJjuw3utqCoO57qZij6Hu7JKMLjwBx/hPiCmPhtH9g6cI3XvDe/9RDUbBQAAAAAg
V+RswCGZez6k6ssRPDYYHHibjNorjqSuZoiaihK8t+Bx3mNT3V9DX4tqBOptPOoGJZn11zC9l6jP
HgAAAACAXJNzAUc2A+2oZqDppms4g39/o1Fzz4uo65kDlPA9mPp0mKSrxjCFDP57daeg6MiyscEs
ItueG+nCDQIPAAAAAECuyLmAI5uQwfu6I92KK8H9g/t5+1VETQUxnSPT3hupKkZSbfdWZ/iXrXXu
2X09m9AhqprD+ZNwAwAAAACQD3Iu4JDShxySubmod19nn6hjvfuFr+0+N10z3N/COTb71UXsewm+
Byt0zeBj7/2nez3V9qDUVSKK3AYAAAAAQEvKyYBDSh9yRPXjiApAYrFY2v2iKjSiel6YCjay6DHq
nC28JTJQie4PYgo7HN73HvwMg9cl3AAAAAAA5COruvpA1kPy5pRukB0cuKc7jykUiXot02knmbwH
53xHy3R/mUzrSXXt4DmdeybcAAAAAADki5wPOKTogXW2QUdUgBF1TNQg39FUg/1U14j6LFIFNKl6
fGQSbKTaDgAAAABALsjZKSpeUQP1qAG66bX0q5CYzxE1BSbqPo72PUZdw7Q9k14j3qkrwf0y7UtC
uAEAAAAAyHV5UcEBAAAAAACQSqylbwAAAAAAAOBoEXAAAAAAAIC8R8ABAAAAAADyHgEHAAAAAADI
ewQcAAAAAAAg7xFwAAAAAACAvEfAAQAAAAAA8h4BBwAAAAAAyHsEHAAAAAAAIO8RcAAAAAAAgLxH
wAEAAAAAAPIeAQcAAAAAAMh7BBwAAAAAACDvEXAAAAAAAIC8R8ABAAAAAADyHgEHAAAAAADIewQc
AAAAAAAg7xFwAAAAAACAvEfAAQAAAAAA8h4BBwAAAAAAyHsEHAAAAAAAIO8RcAAAAAAAgLxHwAEA
AAAAAPIeAQcAAAAAAMh7BBwAAAAAACDvEXAAAAAAAIC8R8ABAAAAAADyHgEHAAAAAADIewQcAAAA
AAAg7xFwAAAAAACAvEfAAQAAAAAA8h4BBwAAAAAAyHsEHAAAAAAAIO8RcAAAAAAAgLxHwAEAAAAA
APIeAQcAAAAAAMh7BBwAAAAAACDvEXAAAAAAAIC8R8ABAAAAAADyHgEHAAAAAADIewQcAAAAAAAg
7xFwAAAAAACAvEfAAQAAAAAA8h4BBwAAAAAAyHsEHAAAAAAAIO8RcAAAAAAAgLxHwAEAAAAAAPIe
AQcAAAAAAMh7BBwAAAAAACDvEXAAAAAAAIC8V9jSN5CLDh48qOrqatXW1qq4uFhdunRRQUFBS98W
AAAAAACIQMAhaceO7Xr++Rf03HPPadmypVq5cqXv9Y4dO2rs2LGaPHmypk6dpnHjxqmwkI8OAAAA
AIBcYVVXH0i09E20lLVr12ru3Lt19913q7a2NuPjxowZoxtu+KZmz54ty7Ka8A4BAAAAAEAm2mTA
cejQId1115368Y9/rJqamtDrAwcOVEVFhUpK2mnr1i1at26dcb9PfepT+q//uk09evRojtv2Wbly
pR588EFJUkVFhb7yla80+z0AAAAAAJAr2lzAsXPnTl111ZV6/PHHfdsvvvjz+uQnP6lx48aFAov6
+nqtXLlCixY9p3vv/b3Wrl2bfG348OH6y18eUmVlZbPcv2PhwgWaPXu2JGnWrFl68MG/NOv1AQAA
AADIJW1qFZXdu3frwgs/5ws3zj33XL3++hu6++67dfbZZxurMQoKCjRq1Em69tpr9eKLi/Wzn/1c
HTt2lCStWrVK3/ved5VItKmcCAAAAACAnNJmOmXW1dXpyivnaMmSJcltv/rVf+mrX/2qYrHMc54O
HTroa1/7mqZMOUX/8R//oe7du+s3v7mDXhwAAAAAALSgNhNw3HfffXr00UeTz+fOnaeLLrqowec7
6aTRevLJp1RcXKyePXtmdeyhQ4e0Z88eFRQUqGPHjiopKUl7zOHDh/XBBx8kn3/44c7k44MHa/T+
++8bj+vSpYs6dOiQ0X0lEgnt2bNHNTU1ateunbp06dLowU11dbX276+SZKlTp05q3769cb9t27ap
vr5ektSjRw8VFxdnfa0DBw6oqqpKklJeK50PPvhAhw8fliSVl5cbz3PgwAHt379fnTt3VkFBgbZv
3558raH373A+i379+jX4HAAAAADQ2rWJHhw7duzQ6NEnae/evZKkb3/7O/rhD3/YbNffvXu3FixY
oMWLX9T8+fO1ceNG3+tTpkzRtGnTdMEFn1VFRYXxHGvWrNHo0Sdlfe37739A5513XuTrtbW1WrBg
vh5//AktXLhAmzdvTr7Wq1cvTZ06TTNnztRZZ52ldu3aZX39RCKhxYsX66mnntLChQu1YsWbydeK
ioo0btw4zZgxQzNnztLw4cOTr02depqWLl0qSXr99Tc0bNiwjK736quv6vHHH9eCBfP12muv+V47
+eSTdcYZZ2rmzHM0alTmn+Wll35RDz30kCTpX/9apPHjxysej+u5557TP//5lBYtWpRcWvi5557X
6NGjNX36NC1btkySdPfdd+viiz+f8fW8tm3bphEjTlBNTY2qqw806BwAAAAA0Ba0iR4c999/XzLc
GDFihL7xjW80y3V3796t22+/TWPGjNEXv/gFzZ07NxRuSNLzzz+vm2++WaNGnag77rhDdXV1zXJ/
S5Ys0dSpp+m8887Tfffd6ws3JGn79u3685//pIsvvkiTJ0/SwoULszr/q6++qrPP/oRmzDhTt99+
my/ckOxw5aWXXtLNN9+scePGas6cOdqwYUOD3su6det04YWf05Qpp+iWW34RCjckadmyZfp//++n
mjhxor74xS9o06ZNWV+nuLhIr732mmbOPEczZ56j3/72t8lww1FQUKCrrro6+fx3v7uzwT/TBx/8
s3EFHwAAAACAX6ufolJbW6v77rsv+fyGG76pY445psmvu3z5G7r88itCg/rS0lJVVg5R7969dehQ
jVatekcffLAjea/f+c63tWvXLt18882+49q3b69Zs2Yln+/cuVMvvfSSJLvS4uSTTzbeR9euXY3b
582bp2uv/Vpo+/Dhw9WvX39t27ZVq1evVm1trSS7mers2bP0k5/8RNddd33aqStz587VddddG9pe
Xl6uY489ViUlJVq9erW2bt2afO2BB+7X3/72V/34xz9JTk/JxNNP/1OXXnppMsRyDB48WJWVQ5RI
JLRu3VpfuPTXv/5Vzz77rO6//wFNnTo142vdcccdyeV5Hb169dKwYcO0a9eu5LZzzjlHFRUV2rRp
k5Yvf0OLFv1Lp59+RsbXkaT9+/frzjvvzOoYAAAAAGirWv0UlaVLl2rq1NMkSZ07d9aaNWsz7knR
UPv27dPYsWOSg/eioiJdccUVmj37XJ100kkqLS1N7ltXV6fly5fr1lt/6esR8uijj2n69OmR1zia
ZWL/+Mc/6PLLL08+nzBhgq666mpNnz5dnTp1Sm7fv3+/nn32Wd111516/vnnk9t/+ctbdeWVV0ae
/3/+53/09a9fn3zeo0dPfe1r12jmzFkaMmSILxzZvn2bnnrqKd1991y9+eZy4/lSTVFZsGC+zj33
3OTzsrIy3XDDN/WpT30qNN1n/fr1+sc//k+33nprsjdHUVGRHnvscZ1yyimR78c7RcXrwgsv1FVX
XaWRI09UYWGhEomEDh8+nOyp8tvf/lbf/va3JNmBx0MP/TXyGiZ/+tOf9JWvfFmSdMYZZ+rhhx/O
6ngAAAAAaEta/RSVt95ypw+cc87MJg83JLuh5S23/FKSHT4sX/6mfv7zX2jixIm+cEOSCgsLNXbs
WP3hD3/UhRe6TU9//etfN8m9rVq1Stde61ZWfOMbN+ixxx7Xpz71KV+4IdkrxsyePVsPP/yIbrzx
xuT2b37zBr366qvG8y9dutQXbsyYcZaef/55XX/91zV06NBQ5UevXr116aWX6ZlnntE111yT1Xt5
7733dNlllyWfjxkzRgsWLNR1111n7GVSWVmpG274pubPn68RI0ZIsqtmLrvsUu3YsT20fyq33vor
zZ07T6NHj1FhoV0IZVmWr2HsBRdckFxO+IknnogMcEzq6+t1111u9cacOVdkdX8AAAAA0Na0+oBj
zZo1ycejRo1qtut+6lOf0oMP/kV/+MMfIxuHehUWFvoany5cuCDrQXcmfvrTnyR7Olx22WW6+eab
064uUlJSou9857u6/vqvJ7f98Ic/UCLhL/6pr6/XjTd+P/l84sSJeuCBB9S/f/+099WxY0f97Gc/
15w5c7J4Lz9NTgsZPHiw/va3v+u4445Le9zIkSfqb3/7u3r16iVJ2rp1q375y19mfN0rrrhCc+bM
STtNp0ePHvryl7+SfP7AAw9kfI1FixYl+4iMHHmipk2LruYBAAAAALSBgGPXro+Sj7NdzvVozZo1
S0VFRRnvP2DAAE2ZMiX5fPXqNSn2zt6KFSv0j3/8Q5LUp08f/eQnP1UsltmvgGVZuvHGG5OVD4sW
LdIrr7zi22fx4sVavHixJKldu3b67//+n6wqZizL0o9+9GONGTMm7b5r1qzRH//4h+Tz3/3uzqx+
vv3799dvfnNH8vm8efP03nvvpT2uqKjIF/Skc8kllyQf33vvvdq2bVtGx82bNzf5+Oqrr8rq9wgA
AAAA2qJWH3AcPOgurZmuUiEXDB5cmXy8e/fuRj33woULko+vueZr6ty5c1bHt2vXTtdd504/eeaZ
Z3yvP/3008nHX/7yl1VZWalslZaW6pprws1Pg7zXOuecc3zBUKbOPvtsTZo0SZI9VcX7+USZOXOm
+vXrl/E1hg0bps997nOSpJqaGj344J/THrNixYpkP5ZevXpp9uxz0xwBAAAAAGj1AUeHDh2Tj6ur
q1vwTjJTWuqGMI19v0uWLEk+dgb22fKu1vLSS0t8ry1Zsjj5OFWD1HQmT56cdp/Fi19MPv7kJz/Z
oOtYlqXzzjs/+XzJkpfSHjN+/Meyvs6XvvTl5OM777xT+/fvT7m/tzLlqquuCvVGAQAAAACEtfpl
Yrt165Z8vHXrlma/fn19vV555RW98MLzWr58ubZu3apdu3Yl+2AE7dmzx/OscRe48TYGveCC8zOe
nuIVj8eTj5cuXapEIiHLspRIJPTmm+6SuBUVAxt8n71791bnzp1Dy756ed/L8OHDG3yt448/Pvk4
kyagDZnmNGHCBE2ZMkXPP/+8tm7dqkcffVQXXXSRcd/t27dp3rx5kuyKmc997sKsrwcAAAAAbVGr
DziGD3ebTjpNG5vLihUr9PWvX++rnGgpdXV12r7dbVrqfdxQNTU1OnjwoEpLS1VbW+sLbdq1a9fg
81qWpbKyssiAo66uLrkErySVlXVt8LW6dnWP3bIlfQDWkFV4LMvS5ZdfkVxq96677tRnP/tZFRQU
hPZ98MG/+JrA9unTJ+vrAQAAAEBb1OqnqDhNMSXkgh+TAAAgAElEQVTpscceS6660dSWL39D55xz
dk6EG5LSrvjRUMXFxck/vT09qqqqGnzO+vp6ffDBB5GvB9+Lt6qkIddyFBUVp92/oZ/jJz7xCQ0d
OlSSHbQtWrQotE91dbXuvPN3yeeXXPKFBl0LAAAAANqiNhBwjNQJJ5wgyW4k+fDDDzf5NQ8fPqxr
r702GaY4K3a89trr2rHjA1VV7Vd19QHjP1deeWWT3FNBQYEGDhyYfL5ixcrIe8jmn8JCtwjIu/rJ
unXrGnyvGzdu1IEDByJfD76XnTt3Nvha3mP79evb4POkU1JSoquuujr53LtKiuPxxx9PVpGce+65
GjlyZJPdDwAAAAC0Nq0+4IjFYrrssi8ln//qV7c2eRXHyy+/rGXLlkmSysrK9PjjT+hLX/qSjj32
WHXo0KFBvS8aw/jx45OP16xZ3ejn9zYuffzxxxp8nvnz56fdx/teVqxY0eBrLV/u9t0YPXp0g8+T
ic985jMqKyuTJD366KO++66vr9ddd92ZfP7Vr17epPcCAAAAAK1Nqw84JOnCCy9U3772t/ObNm3S
TTfdpESicRt4enmbbX7hC1/UkCFDmuxa2TjllFOSjx944IFGP/9ZZ52VfPznP/9ZS5cuzfocO3bs
0O2335Z2P++ysH/5y4MNmqZSW1urBx98MPl80qT0q7ccja5du+ryy69IPveulvLCCy8kQ7GTTz7Z
97MCAAAAAKTXJgKOzp0765Zbfpl8fu+9v9ctt/ziqEOO999/Xzt27Aht9zbH7NevX8bnO3jwoF58
cXH6HSVJbi8Ibx+JVGbMOCvZ/PORRx7RCy+8kPG9ORKJROTnNnr0GM2ePTv5/Ktf/Yq2b9+W8bkP
HTqka665Wps3b06775lnzki+l8WLF+v//u//Mr6O449//INWrLDDqI4dO2ratGlZnyNbn//855OP
582bl/x87rlnXnL7VVddbWxACgAAAACI1iYCDsnuaXD55W7Z/49+9CN997vfUXV1dYPOt2zZMs2Y
caY+//mLQz0gvCtzrF79Tsbn/O//viujpUolqbS0NPk4034Xffv29fWB+MpXvqxNmzZlfH+SdPvt
t+k3v/lN5Os//vFPks1G165dq9mzZycrE1J57733dOGFF+qJJ57I6D769u2rOXPcfiXXXXet3nkn
8896+fI39K1vfSv5/Nprr1X37t0zPr6hBg0apC984YuS7FVoHnzwL3r77beTAU1FRYXOOeecJr8P
AAAAAGht2kzAYVmWfvazn+szn/lMctsdd9yhM844QwsWzM94isOOHTv0ox/9SGedNUMbN27UkiVL
dOWVc3xVDd5eDvfdd1/aqRqJREK33367brzxxozfjzPlRpLWrFmjlStXGvcLVkNcf/31Ou6445Kv
zZx5jp599tm01zt48KBuuukm3Xjjjfre976rhx56yLjfkCFDdO+99yafv/XWWzrjjNN15ZVXauHC
hdqxY7vq6uoUj8e1c+dOLV26VDfeeKMmT56kp5/+Z9r78Pr617+uyspKSdLu3bs1a9bMjN7LU089
qXPPPTfZyHTEiBG+4KepXXbZZcnHd975O915p9t746qrrvaFVwAAAACAzLSZgEOyV7K4++65mjNn
TnLb8uVv6Nxzz9X06dN011136bXXXtPu3buTgcXBgwe1ZcsWPfXUk/rWt76psWPH6Be/+Llqamok
ScOHD9ePf/wT3/Kh48aN09SpUyXZfR5mz56l22+/TatXr9bhw4cl2aHGjh079M9/PqXzzz9P3//+
97J6LwMGDNCECROSz6+55motXbpUNTU1SiQSWrVqla6//jqdffYnfFNmysrK9MADf1CPHj0lSRs2
bNCsWTN1ySX/oUceeURbtmzRoUOHJEkHDhzQO++8o3vuuUdTp07Vrbe603z27dsXeW8zZpylRx99
LFkRUVtbq/vvv0+zZ8/S4MGD1a1buXr27KGKigGaOvU03Xbbf/lWnHnoob+qT58+aT+Drl276g9/
+EOycefWrVs1a9ZMXXPN1XrhhRe0Z8+e5L67d+/WokWL9NWvflXnnXeePvzwQ0lSjx49dd9996tT
p05pr9dYxo0bp9NPP0OStGXLFt177+8l2dNkzj///Ga7DwAAAABoTazq6gNN120zRyUSCf3jH//Q
d77z7eSynEFFRUXq0KGDdu/eHXmeiy66WD/72c/UrVu30Gtr167VJz95rjZu3Bh6rXv37qqqqkqG
JF4jRoxIVmPMnTtXF110ceT1Fy5cqNmzZ4W2l5aW+pZZvemmm/Stb33bt8+qVat06aWXJntQBHXu
3NkXjDiKior061//OjnNIpUtW7bollt+oXnz5qXdt3Pnzrrmmmv01a9ervLycg0cWJEMIVaufEuD
Bg2KPPbNN5frkksu0dq1a43njcfjqqqqCr12wgkn6P77H9Dw4cNT3tull34xWbHy17/+TWeffXba
95POU089qfPOO8+37RvfuEE/+tGPjvrcAAAAANAWtakKDodlWfr0pz+tl156Wbfc8ktVVFSE9qmt
rY0MN2bMOEuPP/6E5s6daww3JGno0KF6/PEnjIPhDz/8MBRuzJ49Wy+//HLKQCNo+vTp+u1vfxva
7g03+vTpo4kTJ4X2GT58uObPn6///M//TFZAeJnCjTPOOFPPPfdcRuGGZE+j+fWvf6O3316lO+64
QxdeeJFOOOEElZWVqaysTKNGnaRLL71M99zze7355gp997vfU3l5uWpra5PhhiR16NAh5XVOPHGU
/vWvRbrhhm8mG49630cw3OjYsaO+973va/78BWnDjaZy+ulnaMSIEb5t3gakAAAAAIDstMkKjqDD
hw/rtdde00svLdHKlSu1atU72rFjuw4ePKgBAyrUp08fVVYO1oQJE3XyySerf//+GZ87Ho9r2bJl
evrpp7V06SvasGGDPvzwQ5WXl2v48OP18Y9/TGeeeaZGjx4jSfqv//qVfvCDH0hKX8HhWLVqlR56
6CEtWvQvrV+/XiUlJRo58kSdccYZuuCCC1ReXp7y+I8++kiLFi3S4sUv6vXXX9emTZt06NAhDRw4
UAMHDtSkSZM1efJkjRgxwjcVp6ls27ZNQ4ZUJp/v2vVRKLhIdezChQu0ePESvf7663r/fbsHSf/+
AzRmzBhNmjRJ06dPV8+ePTO+n6ao4JDsyhpn2s+FF16oefPuaZTzAgAAAEBbRMCBnPPss89q1qyZ
kqTJkyfr6aefaeE7anz79+/X6NEnaevWrZKkBQsW+nqqAAAAAACy0yanqKBp7d69O2UT0nQeeeTh
5ONJkyY3xi3lnEcffTQZbpx66qn6+Mc/3sJ3BAAAAAD5jYADje6mm36oz33us3rvvfeyPvaNN17X
/fffn3x+zjnnNOat5YSDBw/q9ttvSz6fM+fKZpn6AwAAAACtGQEHGtVjjz2me+65R88995xOPfVU
/e///jG57Gw6y5e/oS996Uuqra2VZDdzHTt2bFPebpOora3Vf/7nf/qWqfX6zW9+rbfeekuSNHr0
aJ111lnNeXsAAAAA0CrRgwON6plnntbFF1/sW8ll2LBh+uxnP6uJEyfp2GOPVZcuXVRSUqL6+nrt
2rVL77zzjh599BHde++9ydVlevToqYULF2rw4MEt9VYabO7cubruumt1wgkn6MYbf6CpU6eqQ4cO
2rp1q+bNm6dbbvlFct/HHntc06ZNa8G7BQAAAIDWgYADjW7Fijd1zTXXaNmyZZH7lJeXa9euXcbX
+vfvr/vuuz8v+1Ls379fo0adqO3bt/u2d+zYMbRc7be+9W3ddNNNzXl7AAAAANBqMUUFjW7kyBP1
9NPP6O6779aoUScZ94kKNy699DItWLAwL8MNSerQoYP+9re/adiwYb7twXDjO9/5rr7//e83560B
AAAAQKtGBQeaVH19vVavXq1XX/23XnllqTZufFfbtm3Tli1b1L17d/Xs2VPDhw/X+PHjdcopUzRw
4MCWvuVGUV1drf/7v79r/vz5euONN/TBBx9o0KDBmjr1NJ1//vkaPXpMS98iAAAAALQqBBwAAAAA
ACDvMUUFAAAAAADkPQIOAAAAAACQ9wg4AAAAAABA3iPgAAAAAAAAeY+AAwAAAAAA5D0CDgAAAAAA
kPcIOAAAAAAAQN4j4AAAAAAAAHmPgAMAAAAAAOQ9Ag4AAAAAAJD3CDgAAAAAAEDeI+AAAAAAAAB5
j4ADAAAAAADkPQIOAAAAAACQ9wg4AAAAAABA3iPgAAAAAAAAeY+AAwAAAAAA5D0CDgAAAAAAkPcI
OAAAAAAAQN4j4AAAAAAAAHmPgAMAAAAAAOQ9Ag4AAAAAAJD3CDgAAAAAAEDeI+AAAAAAAAB5j4AD
AAAAAADkPQIOAAAAAACQ9wg4AAAAAABA3iPgAAAAAAAAeY+AAwAAAAAA5D0CDgAAAAAAkPcIOAAA
AAAAQN4j4AAAAAAAAHmPgAMAAAAAAOQ9Ag4AAAAAAJD3CDgAAAAAAEDeI+AAAAAAAAB5j4ADAAAA
AADkPQIOAAAAAACQ9wg4AAAAAABA3iPgAAAAAAAAeY+AAwAAAAAA5D0CDgAAAAAAkPcIOAAAAAAA
QN4j4AAAAAAAAHmPgAMAAAAAAOS9wpa+ATQey5ISCUmytHPnh0okEpISisftPxOJxJHX3cfOPvbz
hCRLiUT8yGMZ/nSukzhyTctzrPscAAAAAHLVkCHDJDFuaW2s6uoD/FTz1J49e5RIxOWEEpKSoYU5
uEgkwwtv2GEfZ//phCHONm9YEQw5vIKhRiKRkBXcybAfAAAAAOSSIUOGtvQtoIEIOPLIvn37PIFG
qhDD3S65oYddzREPbfMGGW7+4G4PVmnY22K+/Zwww7t/kCnwAAAAAIBcNnhwZUvfAjJEwJGzLFlW
Qnv37vVUWliegCJYaSHfdn9FhuQPPPzTU9xt7nmcaSjBKSrBx8692sFG+F14p64AAAAAQD6rrKyU
M/5B7iHgyEH79u2VpFBVhRNueMMHb7Dh3+5WdAS3O6/5g5B48vqmqSv++8n8V4a/9wAAAABan4Qq
K4eKPh65hYAjB1iWpb1798gJHSS38sI/LUSh8MING0y9NEzb3SkuTlGFvyrEP00l+SiDcCM4VSX4
HgEAAACgNRo8uJKqjhxAwNHC9u3bd+RRdHDhDxeswHPTaieWMfiIquzwvu7w/t307uflD1+slAEH
[...]
Nhy40VQUADB/duy4cDRtbBiSsrRUjW5Nh6oUzawr7ZlV6MMBYPoRcACYSml/jb5pY21j0TB8pW6m
hCXcAADMs507dzUhRzqU0zcg9V8I2JDDywUaBB0AphEBB4CpkQsxJDUzp0h+ytf2jCqjNc2UsDKB
BwAA8y2eTaxuGm77GcfCrGPxFLJps27bcDT3NxsA1hMBB4CpEY/pbYcT9no8o4ptnBZ6bYQy29Xc
awAApt+uXbtUVZUJMdRUOqbTqaczqNgvEtLgAwCmCQEHgKnjqzBsBYav7vA/7RAW+21TWHft9xsA
gGmWzn4Sggr/N7RuhR/t+xfR/QFgmhBwAJhqNsiwQ1WC9rdMrnqDWVMAALB2795tpo2tm2lkXWVH
nVR0+P5V7elh06ljAWBaEHAAmELh2yE7FMUeWMUHWkU0baxfxjEXAACx3bt3SwpDO6W4UiNu0G37
b4TKyjCrGeWSAKbLhvXeAQDw/LSvnjtwCtUbcV8O39zMfsPkl+c7vgMAgHjYp+tXVTRNu8syfP/p
vyywf1fDcFEfhhByAJgeVHAAmBrtnhvdQYXvw5F2cWdoCgAA/Xbt2t0MS4m/QAg9OeIqjlxzUdsH
CwCmAxUcAKZM3GA0fKPkqznSAyl70GVnVOEbJQAAxqmqSqFoo2hmIAsNvd06/ksFW8nh/ibz9xbA
9KCCA8AUiXtu+MvtZfEUsrZXhx3WAgAA8nzFhv2bapuKjtYy67pAIx6Swt9bANOFgAPA1IiDDMkf
dKX9N/y3SrkGaLZpGgAAyLvoooubv6NVFf8t9Zd94GFva/+9ZYgKgOlBwAFgauQCC7vcByD+sp05
pSiKqEEpAADo58KNKumBJdV11fztjf82SzbQCJUdADAdCDgATI10qtf27XHHdn+gVRRF8+0TB1oA
AEzm4ov3SHLVGHGTUSlUbsSzqLhl+csAsN4IOABMkdBHw1Zm5OQqPBieAgDAcoVG3T7osENW7P/u
dnsfwg0A04WAA8BUsWWwYSrY+KMqzTx8EMKBFgAAyxMPDQ0zp9iKDl/FYddP7w8A04CAA8DUCBUb
IbCw/TfSn/GQlroVhAAAgH579uyV7avhqzhcL452taS7LCo4AEylDeu9AwCQslO+2hlUytL+lIrC
HYCV5YLqmuEpmH1PHz2ip48ciZbdtPcSLZTnFu49/NSTOpMM8dqxZYuu3LnrnLYLYBjcFwduaEpZ
lk3PjXF9sdxPel8BmB4EHACmRl+/DR9uFEXZ/PQHYK73Rne/DmBWfPobj+pPHnowWvaaG27SO257
1Tlt931/89d6YXExWvbyq/fpgURRfAAAIABJREFUV/75q89puwCGIZ3FzGcadV2oLF1Vhws+wnp2
ZjMAmBYEHACmSnrgFGsvI9TAvPvLR76ua3bv1o9ed8N678rg5CpiNpYLumHv3nXaI2B9+CEnYXho
mDnF98RKKzrqOvTrAIBpQcABYKr4HhyT8t86ledYog8M2R98/rO6fMdOvXg05SMmk6uIuXDrefrd
t/30Ou0RsD4uueQSPfXUk5L832GbXPi/y+lyyTUhXZNdBICJcEYAYOp0NRi1bDktVRyYd6eXlvTe
+/9Kzy8eX+9dATBYoWl32lzU//S32+UAME0IOABMDXsQlc6S4i+nvTaYHhZwnjt+XPd86q9azUIB
YBKuWbf9gkFKwwz75YO7TtABYLoQcACYGvkxvvGUsWmgwYEVEBw49LT+8POfWe/dADBAcVhRJ2GG
HT4aV02WJVWUAKYHPTgATBVbneFnT/HLbZbhp5Al4ABif33gEV296yK95oYb120fTp45o6ePHNax
U6e0UJbatnmz9m6/QOWY4WRPHTmiQ0ePtJYvd8rabz33nF44sdhafv6mTTp26lRz/dCR9mMtVf9/
e3cfJMdd5gn+qZJs2WqDbdm0MGDsLg48gBowL2MNLwbUMDFzM9a+xt6J24273RA3czfHtIO53diV
I3Y39k7al4jblYKJmIuz2Nu93UB3tzfLIs/BzjAtG9vgFgwsIAFjXrqRjLFd2Hqx3G3Zlqr2j1J2
ZmVmdbdeWpXZ+nwiFF2VmZX1K0V0Vfa3nt/z68Thp35eet7XXX99bFg/suxxQN1km4r2b+vmKiqj
r4oDoCoEHEDtaTAK/f7NNx6LW2+8Me4YvXyrgTw790Ic+OHj8a2fHY0nTxyPTu6vnqvXrIk3j26M
zbePxYdab46r1qwpnGNNsxG///CDceql04XH/sNfvydu23DTkuN48uSJ+Adf2h8vnTnTt33D+vVx
z6Z3xr/++mOLPv7US6fjH3/5S6X7/vp774pff9umJccAdXTLLbecazSaLv/a7aYVGkm4UXYboCr8
VQBUWnaqCrA8Zzqd2PPQgTg+v/JNR0+/8kr8q4Nfi9/7/L+LLxz6djxx/Fgh3IiIePns2fjeUz+P
zz721bj33/+/8ejMjwvH3DxyXfzWBz5U+tjPPPxgnD7zyqJjeeXs2fjMVx4shBtrms34nz60Ja69
6qrzfHVwZclOS0mmpgz6/E23m6ICVIeAA6iUbClsfnWUfI8OoQcMdvL0fPyLh/50RZuO/vzkifh7
D3w+vvz4D87reU68OB9/8OhX4n9/9OE4m3vcnW94Y/zm299ReMxTz5+Mfzm9eH+R/+sbj8UTJ44V
tv+1O98Td2y8fNUsUFfZz9XsR3C2D0fagNSXD0D1CDiASskGG9kS2LS5aH5VFeDuN72ldPtPnv1F
/Mvpr67Icz71/Mn4R3/8/0e7pGfGcj0y86P4/UcejPyfSP/Vu99bOr3mqzM/jod/8sPSc03/dCYO
/PDxwvY733BraWACLG1QU++kD4fPYaBq9OAAKiW5gCoLOpKQo9ls9B3Xa4g2tCHD0H3iPe+LY/Nz
cfipJwv7vvLjH8btG26KX/2lt12y53v57Nn43w58OU6dPl26/+o1a6J182vixvXr42ynE8+cOhVH
jz1XCDIiIr5+5KfxhUPfjr84/q6Fbc1GIz5195bY8Uefj+dzz/F/HnwsWje9Jt5ww40L2545dSo+
WxLk3DxyXfz2Bz68cH/0Va+Ou9/05oX7R44fiyPHniuMffPtrdLXlX1OWG3S/KIb3W5j4XO193mb
XcUsW0HZFXIAlSLgACol2509nZIyuNist/8yDhAqqNFoxKfu/mj8/S/uj2dOPV/Y/2//7GDcesON
8dbX3nJJnu8Pv/2teOr5k4Xt16y9Kv7qu94dW97yS7Fubf8lxrH5ufjD7/yneOhHxSqL//Ddb8fm
21rx2le/emHbjevXx//wwQ/HP/vTP+4LRl4+cyY+8/CD8b/8xl+Iq9esiTOdTvz+wwdiPrM6SkTE
2mYzfvfDW+K6desWtt0xurGvMuQPv/OfCgHH+qvXxW994O5l/T/AapL97I3IBhvNhX2aegNV510K
qIylG5kV9/vmCHquW7cufu+jHy9tpHm204nPPPJgHJufu+jnef706fiTx79f2H7DtdfGP/qNrfHr
b9tUCDciIjasH4lP/soH47c/cHehJeErZ8/G/sPfKTzmHa97Q2zNVHYkfnbiePzrg73VUP7vb349
Zp57tnDMtvf8crzp5tcs81UBy1HW+FsfDqBKBBxAZZSFFek3SfmqDj04IO/1N9wQv/Ohj5SuaXDy
xRfjnz/4p/HK2bMX9RwP/+SH8XLJKiWf/uivxuuvv2HJx3/oTW+Ov/Kudxe2Pzb7kzj9SnGVlL/6
rnfH20oqTx768ePx2ccejS/94HuFfb982+3xa299+5JjAYqyTbz7p6ksfhugCgQcQCVlw4v86im9
n53odPq7uQO9VUj+2p3vLd03+9yzcf9jj17U+f/s6JHCts23t+JNN9+87HNs3fTO2LB+fd+2l8+e
je/+vNhDpNloxO986CPx6muuLew7UDLdZeOrXhWf/JXiUrPA4pIvEtL7Zcu0N0wLBSpNDw6gcpKm
ofmO7Uk/jnSOcNLFfXhjhSraOv7OOHriWDw2O1PY99WZH8ftG26K//Jtm877vJ1uN44cLy7DumH9
SBx+6ufnda7XXX9jHJuf79v2k2d/Eb982+2FY2+4dn38zoc+Ev/0T/9jdBZJNK9asyYmPzwR66++
+rzGAkTpqijZnhzJ/aQPR9lnNcCwCTiAyshWaSSNzSIEGHAh/vv33x1PnzwZs7kmmhER+7759Xjj
jRti0y2vO69znnhxvjA9JSLigcPfiQdKemicr6dPFRuXJjbd8rr4i++4M/79d7418Ji//t7NcduG
my56HHClyzcUTRp6l00TNV0UqBJTVIDKyHZwL/sWKb19uUcG9XP1mjXx6S0fL53a0el24/cfeTB+
8cKp8zrn3EsvXarhlcqvhJL3l995Z7RuKp8K887X3xofu+OXVmJYcMVIPl+TIKN/SfZu37SV4pKx
AMMn4AAqJV8KW9zePyfYhRUMtmH9SNz7kYlYW7K046nTp+NfPDgVL5VUZAzSXGTJ5kthqd/n2eee
jSdOHC/d96NfPFO6dC1wftIqyvTLhmzQUfYToCoEHEBlLN2ZvdE3H7jb7ajmgCXcMbox/uZd7y/d
d+T4c7H3sUeWfa7r1q0r3b6m2Yy1l+DfTSPXDXzuUy+djj0PTQ1cBWb+5Zdjz1fOL7ABBks+Xwd9
Ngs3gCrSgwOojP7qjeLydMm3Sf1zgSPOnHkl1q69ahhDhlr4yJvviCPHn4s/+fMfFPZ9raQR6SDX
X3ttvPqaa+L506f7tn/iPb+8osuydiPiDx55OJ6de2HR4544fjz2PvZo/M6HPrJiY4HV6mc/eyIa
jebA4EKgAdSBCg6gMjqd/nKMtDt7oxB2RCiPhfPxN973K/H282wqWubNrxktbHvoRz9cdHWTi/X5
73wrvvPzJwrbX7XumsK2r83+JP7jD763YmOB1ao4HaV8O0CVCTiAyuhdRBXn+SbNzHr/YuGYHhdc
sBzNRiM+dfdHY/S6V13Uee66rVXY9sSJY7Hvm18/r/Mcn5+P/+dbf7bkb/B3f/5kfP673y5sf/0N
N8Q/3fqX45ZXX1/Yt++bX4/H288sOYY1zWJA+uIrizc6hdUuWYZ9seko2YajAFUi4AAqLdtzI789
vX05RwT19ap118SnP/rxuOaqC5/Stfn2sbi5pFfGF79/OD47/eiyemB8/+mn4u9/cX/sP/yd+Dff
eGzgccfm5+IPHn2oUB1yzdqrYvLuibj+2mvjdz+8Ja5es6Zv/5lOJz7z8IE48eL8ouMYubrYU+Sl
M2fi6PFjpcefeul06XZYDZLpn8nt7PaI/pAjrepQSQlUi4ADqJTs3zH9fTgikq7uiU7HN0hwvm69
8cb4Hz/44bjQP0nWNJux7T3vK9134IePx9/5wh/GH33vu4UVTV46cya+cfRI/PMHvxw7/+SLcWx+
LiIi/vgH348/+t53C+c60+nEnoemCv0+IiL+1uYPxOtvuCEiIt5444b4b+/6lcIxx+fn4zMPP7jo
1JnXX39D6fb7v/ZIPP388wv3H28/E//4y1+Kf3VwcBgDdZdUTCa3k5+DpqiYugJUkSajQAV1S78V
Su8nPTka55qNRrz88stx9dVXX+6BQi2959bb4q+8693x/337Wxf0+M23t+LbP/tZPDLzo8K+Z+de
iH3f/Ebs++Y3Yt3atTFy9bp4+eyZeOGllwaeb983vxG3b7g5NmV6hPzbb0zHj5/9ReHYj93xS/GB
1pv6tn3kv7gjvv/00/HVmR/3bf/zZ56Ofd/8evw3772r9HnfMroxrr3qqnjxlVf6ts8892z83n/4
d/Hqa66Js51OzL3cm7ayptmMEy/OxQ3Xjgx8LVBHTzxxNJq55aTTpt7Fyo2epEeWCg6gOlRwAJXT
vxRst7AvO/fXF0dwYf7SO+6Mu24bu+DHf/L9H4w733Drose8dOZMHJufWzTciIi48w23xls3vnbh
/tdmZ+LLjxdXfBm76eb4G+8rVmtERPytze8vrcj44vcPx/RPZ0sfs7bZjI/f8baB43r+9OmFcCMi
4mynE3/y538+8Hioq7KKjez29Ha373M3W/UBUAUCDqCCGrkAoxd4dDrp/ODevk7mwsoFFpyv3/rA
3XHbjTdd0GPXNJvx6Y9+PH7z7e+I5kV8g/vxO94an/7ox2PNuW+PnzxxIj772KOF40auXhe/++Et
sbZZfulyzdqr4lN3b4mr1xaLU+9/7JF48uSJ0sf9pXfeGWM33bzs8T74o8fjbKez7OOhbgb1uMqG
IFkqOIAqEXAAlZRfni57u/eNUXabElm4EOvWro1Pf/Rjcf21117Q45uNRmx7z/vif/2NvxDvev2t
59XXY2zDTfF3P/Zr8d/d9f6FgOT0K6/Enq9MxekzrxSO/+0P3r3kCjC33nhj/M2SfhynX3kl9jw0
FadfKZ736jVr4u9+7NeWrEaJ6P1//dfvfu9CGAOrRf6zdvC0lPLHAFSFHhxAJfVPU4mI6ESvsiMi
+dsiLZftpR0vvXQ61q27ZhjDhdq6+brr4lN3b4l/8uUvxZkLrEy4bcNN8bcnfjWeOXUq/uzokXi8
/VQ8efJEnHzxxXjpzJm49qqr4tXXXBsbRkbi7a+9Je58wxvjjTduKJzn/sceLa20+M23vyPe/YY3
Lmssd7/pLfGDp5+Oh3/S3x/kyZMn4v/42iPxux/eUnjMdevWxf+85VfjB08/FY/M/Dh+9It2HJuf
i5fPnImRdevidddfH++45fUx8Za3xquu8R7D6vLEE0ej0WiU9uDo/SxWb5T15wCogsbc3Ly6bqAS
imWvERGN0ttpE9JunD79UnS73eh0zgo4AOA8pA1GG9FsNhZ+NpvNaDSa5wKO5rn75bevEfwBFaHG
EqiM/nm//bc7nW4kfTaS5WPTb4+6vkkCgAtQVp2R359vQmp6KFBVAg6gMvJzfrN9NsouotLGo+lU
lpdfXny1BgCg54knjkbEoMah+eAjbTra7Wq0C1STgAOokKRCo1tYHSVbxZHcTi6wsqurWK4OAC5E
N1ehkTb8TuT3lx0DMEwCDqAyyio2yrZlL7DyF1rdbsTp0y9e1nEDQN0cPZpWbyR9rZKl2ZPtEWnP
q0Grq/hiAagSAQdQGb2LpGIfjm63k7kdkVRxZC/E0uZoAMDSugO/OMhvy1vOMrIAwyDgACoj23cj
uX/uVmmZbBJyZJewazYb0Wh4awOAxfQ3Fc1XYfQvA1u2qlm22ShAVfgrAKiUfBVHmaT/Rv/UlG4m
HOnGiy+apgIAZY4ePboQUOSDjOwXBvnpKcVqja4pKkClCDiASslXcST6p6NE9L4xSqet9Co3+lde
AQCKsh+R/dWSvX/NZjO3L12aPT89xectUCUCDqCiiilH8i1R8o1TdnsSgGS/hXrxxfnLMVAAqI1s
c9HkZ1lz70R2SkqvYkOwAVSXgAOopGRJ2H6NhaVhs93em83mwtKyjUbv4iz5pml+fu4yjxwAqqkX
bvQvB9v7LG3ktve2lQUZ6f007ACoirXDHgBAmUHL1aVTU3r3kyCkF3I0Fnpz5Cs6AICIZrPZ99mY
TPHsGdw8tPe4KIQgAFWiggOotGzDs0R+pZV0RZXsVJWI5MLLVBUArnS9xqLJvewKKr2wIgk6kkrI
bIjR68nRzU1fyZ4DoBoEHEClFZuLLuzJHNOr4sh+A5VsS6arAMCVLq3O6C40E+2vkOw/blBD0WSz
cAOoGgEHUHnZfCIJK5LgI+3q3vt2KblYazSamU7wjZibe2EIIweA4UuqN/JLvmZ7WfU+M7P7I9Ip
K+lnsQajQJUJOICaSMOMbMjRaER0Op1zx6RLx6bHdaPZ7JXgCjkAuNL0T01Jm3An4UXSqHuxSo7k
djJVpdPpb1QKUBUCDqDyut3kYqp3vxhypMFGMpe4d1xaepuEHC+8cOqyjh0AhuXo0SMLt5OKxvxU
k7TqMSINPdImo/lmokINoMoEHEAtJKW0SbCRvbgq9thoLFy09R6TNkvTjgOAK0Ev3GhkVknJrnyS
3774krBlK6cIOYAqEnAAlbfURVSv/0b/UnfZZWKbzcZC+e2aNWvi1ClVHACsdtmKxjT4zy8L29uf
HJ9WbyTLwpYFGtngo7wROMBwCDiA2ilfFaVR2N6r3uj150i+pUqaqb3wgn4cAKxOR48ejSTkL1Zh
NPv29TcfjchOR8k+rhdklH3hoJIDqA4BB1AZZcHF4CVe+5eJTaeupBdjvW+fmpGW4Eb0gpBORHRV
cgCw6hw5cqTvszCpzOh9TKZBf361sWwYkq3eyE9f6Z/KonoDqBYBB1AZZVNRBk1PSaagRMTC8na9
7d2FC7vk8clqK2kvjubCxdvzzz+/Iq8FAC637HKwaXCRTk1Jm4emVRn9zbrLlogt3o/IVkYCVIeA
A6itJOTIrqjS7cbCiivFb7B623pL4kUkTdaef/7k8F4EAFwCR44ciaQ6o6eRCfyTlVIasWZNcyHQ
aDbTwH9QpcZSXz5oNgpUiYADqLVuN1kCNr3I6jUV7a/y6ElLatNvrnoXeEIOAOrq6NGj5yo0epf2
SdVFUuGY7bVRDD7S3hzpcdk/Ebq549LGosINoGrWDnsAAMuRrIKS/Ozflw010nLb9HYs/Oz14Iho
NLrRbK6JTqezcM6TJ0/E9dffMJTXBwDn6+jRIwufgYP6ZPSCiyS0KE456YUVSTDS256eo/9+Kjst
VMgBVIeAA6iF/jm//ZIgI63M6L/oSvpyRDQXbqchRyM6naQzfCNOnjwZ3W43brhB0AFAdR05cuRc
hUZ2tZR06klPtlrj3JZzoUVvekq+iqOR6VfVv8xs8jP5DM1uB6gKU1SA2hi0okp6gdVfNlvWaK0X
giw8sq/ao/cNWG/PiRPHV+x1AMDFOHr0yEL1Rb7XVDpNpZmp7GiWBBoRUdJING3cnU5N6Z0v+dIg
Fu4P6tEBMCwCDqA2Bl1E9V9kNTJBSP+FWbpEXr6ct5GZb5x+g3X8+LEVfDUAcP6ScCMJM9JAI10p
rPeZ1s3cT3trJEFHdgWy/ikr/VNVevf7P38FG0BVmaIC1Ep+vm++qqN8udhGbspKRLfbWaju6HQ6
kX5TlXw71ZvOcvz48eh2O7Fhw02X5fUBQJkjR36aCSsafZ932aqNNPxYk5luEpH20uhf4jVb1ZHc
75+mklZ4pEvK6r8BVFNjbm6+vOYboCZ6PTi6hdvn9p772Sgc0+l0Mj04IjqdsxERcfZsb/vZs2cj
ohGdztmFktwNGzZchlcEAD1Hjx6NiP6lz7PBRXE59HRaSkRSsZi93Ts2WR62d+7+1VbyfTnK+m5k
w4205wfAcHk3AmotG2YkF2LZstv0gqy8xPbcWaJXytvr1dFsNs99I7YmkmZtyUXhsWPPxYBWIABw
yXS7SbjR7VsCNiLOVWhkP+/6p6wkgcWaNenKKdlwoz8cGRxuJJIvAvLVI6aqAFWjggOovU6n01cy
m/zMLi2bNBFNlpLtTUuJiOguBBbdbqdvRZbeErLpc/SOTao9urFhw03hug6AS6nbjXjiiaOZ6ors
CifdXKiQVmLkw4u0wXajsL8YdqRNRdPpLvk+Vt2++2U/AYZNwAHUXraKo+x2fspKGmgkgUV3IfhI
76dBRxqKnM09Lr19882vWbkXCMCql66Mkl+WtT9c6K/kyDfMLq/KyIcdvccWKzfy58/248iPqyzw
ABg2AQdQe+cXcCzsLYQavX4bnULQ0TtHUuGRVnpE9Co5Go1YeNzNN4+q6gBgWbrdiJ/97Ggky5zn
V/7q77FR1hw0Ilt1ke+xkZ5zcOVGfwPS/oqObLPRRDZ06T2nGe9AdQg4gNrLTkVJpp6UrbSSDTLy
wUZvf/+UlG63s/C4bKCRPTY5RzKdpdeIrXdRODo6utIvHYCaSUONKAQHyc9suJHuy083iSgLMrJh
R7YqoziNJW0eWpyW0l04LrtKS36sg+4DDIuAA6i98gqNshVV0uVjs9Ub2W3Fyo5emNHpZM+V3G7k
enP0r7iSBiS9x2zc+NpL+8IBqLxslUY2ByhO70gbX+f7bPRPLclOR0nDjCSoGBRkDFoZJRtuZM9V
Fr7kb5fdBxgmAQewapSFGfnb2YajaTVGf3hRtqRsWqmR3d4pPEc+OEnOmZ/qkpQjb9x4SzQa6XPm
5zUDUE3F9+xudLuNePLJJyKi/A//7PH9vS0i95ji9rKmoPlt2Wkrvfu96o6ycCPZln3e5YQa+ds+
s4AqEXAAq0L2QjO/PX87+dnrnZEPKNKqjfxUlnyAkd927iznqjoahYAjG3Kk4+gfU1k1SnZTOvb+
15q9tsxfbA6qcEkf68IUuLKd7/tk9n227KHF99X+ZVbLG3RmA4f8edJ9+RAjW92xWJCxWM+N5HZx
lZZiz42y+wBVsXbYAwC4WPlv0QZdqOb/6O+V5qZLx6YXq0lfjuIFbKPRjUajmevh0Vn4Nq73jVyz
bxpMRPINWvfcObNjTkuSk/MXX1Pfq8gFG8XXnZQsZ49Z7P8F4Ep3vn+k9z47un23FztH8r6c7WmR
b+CZDzWyVR7Zio2kaqP33M3ScCOiu9CDI3u+fOCRfT29ptnFqo6y/yfhBlBVAg6g9sr/yB8ceGQv
0JJGbmmj0f5QI7vv3KMjCSPS7UmgkAQd2XFE7rHZQCMNL/rDkGR/f/lyOr2muTDW/mOKF5rZKpL0
Wz8AlmvQH/NllQ+D//DPvk8nQUL/50QaRmf7YWTPlS7r2ttXrORItvfC8/yxg3pnFFdLKZuSUjY1
Jfn/EXQAVWGKCrDq5EOO5TUhHdx7IxtCJKu0JNuLfTzy/Tay588+vn8c2QCj7LXkL0zzF5b5CpTs
hetiXJQCpBavdFu6eqE4fbCx8P6e3s8HBWWBQlpNkQ0fyqajRETpkrDZ5x80JSX57Mu+nrJwo+w1
5j97AKpAwAGsGsVpJv37yo4ftD+5nw00sheC+eaj2TCj2Hsj+h6TvdjN7i+OZfD4yl73oP4cPS5A
AS5E9j073bb4H/eLhx9lQUL+MdngIj99pZELKorTWbIhSXF7NngZHGgIN4A6MkUFWDXyF1xL9Z0o
CwV6U0B6F5DpPOlsFUVZRUWv1DjpwZFILyqzFR35MaYPSMKUZK52WR+OfGPR7BiXujBdLr06gNXu
fN8jy47PvvemPxd/bD6wyB6TDRuK01Ai8lUY2UqOiN4KKv3TGpMwpLgUbLLiy/m8XuEGUAcqOIDa
K1s1ZLEeHGX3G43GQsBwbmvkp6wkP9MqjPzKK9nqjP7zdTqdhX1pmFIcT/Yc+bEn5y2bjjLotZb9
XwGwtEF9jRar2hg0RbC8X0cx0EinjQyqysiGI+lj8sFJt1sMNfLjLhvTcl6bcAOoMgEHsCpcTMiR
P6asL0e+n0d/v43e82YDjd4ys8nt9Hn6x1E+TWXQWLPXk0sFGmX/H4txsQpcqc73/bHsD/x8RWB6
bPE8xcf278uuZpIPPvKhx2L7isFF+nlVNp5B4YVwA6gTAQewapWFHIuFHWX7k8qLJOgoCzvSoKJ4
vmxFxqAQI32OsjENfm0R/VNr8lUd+efJcoEKUG6p982yICN7TNn+fFVHf6hQ/jzJNJTBoUZ5NcdS
FRmDgpbiWJcONwQeQNUIOIBVrSy0GFT5UKzgyG7vbzCa/Ow/f39FR75io38KS3kgUgwsltMstf/C
e1C4sVToAUDPYu+X+RAjP7Uw+/iSMxfO0x9opNUYZcdng5Le7fL9/YHK4lNUFhuPcAOoGwEHsOot
p6JhUOCRD0gamd4b2ccVH59tLFpcDSW5IO7fVhzPcnpqFOdse1sHWGnp++3gIGA5oUK+50Yi6aGR
7Msemw22y0KVZrP/XPnKjkHjyb824QZQN1ZRAVa9fLnuchtylpXpJg9Jpq0MnvKSXHCWrbrSf2yj
0evEn1zL9l9UNgc8Jn/ROfiCNV+9AsDSFnvvTN7n89UXiwcIg6a+pM1Ak8Pzj8tWiGSPyx6brdpI
P6uW/54/aEqncAOoExUcwBWjrE/Fcis6BvfpKE5dyR/fX/3R3+RtqUqN/LSWQYFK+rpi4bjFzps9
BoCe5b5n5qvwygLx7GPy1RT5Y/PTS5JG1dlpKIOCk0sxHaXsWOEGUEcCDmBVW+wCrexnsn/QuQbf
L5YpZ48pm8KSHlsc6/KCj+VXoyTP6cIUYPnyoXSivA9HPgBZfCpIPtDIhiGDAoryHh/lq6Ms937Z
axBuAHVligqwqi11UbnYTwC4Uiw3kAGosuLkbgAAAICaEXAAAAAAtSfgAAAAAGpPwAEAAADUnoAD
AAAAqD0BBwAAAFB7Ag6V/7YyAAAQNklEQVQAAACg9gQcAAAAQO0JOAAAAIDaE3AAAAAAtSfgAAAA
AGpPwAEAAADUnoADAAAAqD0BBwAAAFB7Ag4AAACg9gQcAAAAQO0JOAAAAIDaE3AAAAAAtSfgAAAA
AGpPwAEAAADUnoADAAAAqD0BBwAAAFB7Ag4AAACg9gQcAAAAQO0JOAAAAIDaE3AAAAAAtSfgAAAA
AGpPwAEAAADUnoADAAAAqD0BBwAAAFB7Ag4AAACg9gQcAAAAQO0JOAAAAIDaE3AAAAAAtSfgAAAA
AGpPwAEAAADUnoADAAAAqD0BBwAAAFB7Ag4AAACg9gQcAAAAQO0JOAAAAIDaE3AAAAAAtSfgAAAA
AGpPwAEAAADUnoADAAAAqD0BBwAAAFB7Ag4AAACg9gQcAAAAQO0JOAAAAIDaE3AAAAAAtSfgAAAA
AGpPwAEAAADUnoADAAAAqD0BBwAAAFB7Ag4AAACg9gQcAAAAQO0JOAAAAIDaE3AAAAAAtSfgAAAA
AGpPwAEAAADUnoADAAAAqD0BBwAAAFB7Ag4AAACg9gQcAAAAQO0JOAAAAIDaE3AAAAAAtSfgAAAA
AGpPwAEAAADUnoADAAAAqD0BBwAAAFB7Ag4AAACg9gQcAAAAQO0JOAAAAIDaE3AAAAAAtSfgAAAA
AGpPwAEAAADUnoADAAAAqD0BBwAAAFB7Ag4AAACg9gQcAAAAQO0JOAAAAIDaE3AAAAAAtSfgAAAA
AGpPwAEAAADUnoADAAAAqD0BBwAAAFB7Ag4AAACg9gQcAAAAQO0JOAAAAIDaE3AAAAAAtSfgAAAA
AGpPwAEAAADUnoADAAAAqD0BBwAAAFB7Ag4AAACg9gQcAAAAQO0JOAAAAIDaE3AAAAAAtSfgAAAA
AGpPwAEAAADUnoADAAAAqD0BBwAAAFB7Ag4AAACg9gQcAAAAQO0JOAAAAIDaE3AAAAAAtSfgAAAA
AGpPwAEAAADUnoADAAAAqD0BBwAAAFB7Ag4AAACg9gQcAAAAQO0JOAAAAIDaE3AAAAAAtSfgAAAA
AGpPwAEAAADUnoADAAAAqD0BBwAAAFB7Ag4AAACg9gQcAAAAQO0JOAAAAIDaE3AAAAAAtSfgAAAA
AGpPwAEAAADUnoADAAAAqD0BBwAAAFB7Ag4AAACg9gQcAAAAQO0JOAAAAIDaE3AAAAAAtSfgAAAA
AGpPwAEAAADUnoADAAAAqD0BBwAAAFB7Ag4AAACg9gQcAAAAQO01IqI77EEAAAAAXAwVHAAAAEDt
CTgAAACA2hNwAAAAALUn4AAAAABqT8ABAAAA1J6AAwAAAKg9AQcAAABQewIOAAAAoPYEHAAAAEDt
CTgAAACA2hNwAAAAALUn4AAAAABqT8ABAAAA1J6AAwAAAKg9AQcAAABQewIOAAAAoPYEHAAAAEDt
CTgAAACA2hNwAAAAALUn4AAAAABqT8ABAAAA1J6AAwAAAKg9AQcAAABQewIOAAAAoPYEHAAAAEDt
CTgAAACA2hNwAAAAALUn4AAAAABqT8ABAAAA1J6AAwAAAKg9AQcAAABQewIOAAAAoPYEHAAAAEDt
CTgAAACA2hNwAAAAALUn4AAAAABqT8ABAAAA1J6AAwAAAKg9AQcAAABQe2uHPQCAldZqteKee+6J
0dHRaLfbceDAgTh06NCwhwWr0ujoaIyNjUWr1YrR0dEYHR3t299ut6PdbsfMzEzMzs5Gu90e0kgB
gNWmERHdYQ8CYCWMjIzE9u3bY2JiorBv//79sXfv3iGMClafJEQcHx8vBBpLabfbcejQoXjggQdi
ZmZmhUYIAFwJBBzAqnTPPffEJz7xiRgZGRl4zJ49e2JqauoyjgpWly1btsQnPvGJ8w41Bmm32/G5
z30uDhw4cEnOB1eqVqsVt99+e2zcuHHYQ+nzzDPPxE9/+lNhJrBiBBzAqjI+Ph7bt2+PsbGxJY+d
nZ2NycnJyzAqWF02b94c27dvv2TBRl673Y69e/fG9PT0ipwfVquRkZGYnJyMzZs3D3soi5qeno49
e/bE3NzcsIcCrDICDmBVWGw6SmJ+fj7Wr1/ft23r1q0rPTRYNUZGRmLHjh0xPj6+rOPn5+cL39S2
Wq3C7+Eghw4dil27dvkjCJZpx44dlQ83EtPT07Fr165hDwNYZTQZBWpvqekoybfBY2NjsW3btss8
OlgdxsfHY8eOHYtO+2q32zE1NRWHDx+OmZmZgcHEyMhItFqt2LRpU0xMTAysBBkfH4+9e/fGrl27
NAaGJbRardqEGxG9SrBWq2W6CnBJCTiA2lrOdJR9+/bF/v37Y25ublnTVoCiiYmJRadzHThwIPbv
37/sP1Tm5ubi0KFDcejQodi3b1+0Wq3YunVrbNmypXDsyMhI7Ny5U88cWMKmTZuGPYTzNjY2JuAA
LikBB1A7y5mOcvjw4di9e7clKOEiLRZuXKrfs5mZmdi9e3d87nOfi3vvvbf0D7VkDEIOKFdWXVW1
aZj79+/vu79SfXyAK5eAA6iV5U5H0ZwQLt6gcGN+fj527959yX/P2u127NixIyYmJuKTn/xkoVeH
kAMAWIyAA6iF852OAlyc8fHx0nBjdnY2du7cuaLVUVNTUwurHOV/5ycnJ6PdbuvJAQAUNIc9AIDF
jI6OxuTkZOzcuXNguHH48OHYvn177Nu3T7gBl0CyWkre7Oxs7Nix47JM/ZqZmYkdO3bE7OxsYd9S
zU4BgCuTgAOorG3btsWePXsG9tpot9uxa9euy/YHF1wpygKEJNy4nCHi3NxcacgxKIABAK5sAg6g
cpKlIbdt2zbwW9p9+/bF5OSkXhtwiW3evDnGx8f7ts3Pz8fOnTuHUiE1NzcXe/bsifn5+b7t4+Pj
tVoSEwBYeXpwAJUxOjoa27dvX/SPFqujwMravn17Yduwf+dmZmbi/vvvL/QE2b59u5ATAFgg4AAq
Ydu2bbF161aro8AQTUxMFJZtPHz4cCV+76ampmJiYqJvCdnR0dGYmJiwqgoAEBGmqABDZjoKVMe2
bdsK23bv3j2EkZQrG0vZmAGAK5MKDmAoTEeBamm1WoXqjQMHDlTq96/dbseBAwdiy5YtC9tGR0ej
1WrFzMzMEEcGAFSBgAO47ExHgerZunVrYdv+/fuHMJLF7d+/vy/giOhNrRFwAAACDuCyGR8fj8nJ
ycK3xIn5+fn4whe+EPv27bvMIwOyvS0iekFjFUODmZmZaLfbfe8jd911V9x///1DHBUAUAUCDmDF
LWc6ysGDB+P++++vVDk8XClGR0cLwWOVG3cePHgw7rnnnoX7yfi9fwDAlU3AAayo5UxH2bNnTxw6
dOgyjwxItFqtwrbDhw8PYSTLMz093RdwRPReg4ADAK5sAg5gRbRarZicnIyxsbHS/aajQHWU/Z5W
cXpKomxsY2Nj+vYAwBVOwAFcciMjI7Fjx46BvTZMR4Fq2bhxY9/9+fn5mJubG9JoljY3Nxfz8/Ox
fv36hW351wAAXHkEHMAlNzExURpumI4C1ZT/fa1y9UZiZmamrzHqoEAVALhyCDiASy7fTNR0FAAA
YKU1hz0AYPVLysgHNRoFAAC4WAIO4JIrm4Kybdu22LNnz6JLxQIAAFwoAQdwye3fvz/m5+cL20dH
R2PHjh2xc+dO8+WhQvINfwetflQl+TFqWgwACDiAS25ubi527Ngx8A+O8fHx2Lt3b2zbts20FaiA
Z555pu/+yMhIpX83y8aXfw0AwJVHwAGsiJmZmZicnFy0sahpK1ANs7OzhW2tVmsII1mesrGVvQYA
4Moi4ABWzNzcXOzbty+2b98ehw8fLj3GtBUYvrJlYbNLsFZNWShah6VtAYCVJeAAVly73Y4dO3bE
rl27TFuBCmq324XfzYmJiSGNZml33XVX3/2y8QMAVx4BB3DZTE9Pm7YCFZWvshodHa3kNJVWq1Wo
9jp48OCQRgMAVImAA7isTFuBatq/f39h29atW4cwksWVjWlqamoIIwEAqkbAAQyFaStQLTMzM4Xf
xS1btlQqZBwdHY0tW7b0bWu32/pvAAARIeAAhsy0FaiOst/DycnJIYykXNlYFnvvAACuLAIOYOhM
W4FqmJqaKlRxjI+PVyJcnJiYiPHx8b5t7Xbb9BQAYIGAA6gM01Zg+Pbu3VvYNjk5OdRgsdVqxfbt
2wvby8YKAFy5BBxA5Zi2AsMzPT1dqKQaGRmJ++67byih4sjISExOThae+/DhwzE9PX3ZxwMAVJeA
A6gk01ZgeHbu3Bnz8/N928bGxmLXrl2XNeQYGRmJXbt2xdjYWN/2+fn52Llz52UbBwBQDwIOoNJM
W4HLb25urjRASEKOVqu14mNotVql4UZEL4CZm5tb8TEAAPUi4ABqwbQVuLwOHToUe/bsKWwfGxuL
nTt3xsTExIo998TEROzcubM03NizZ08cOnRoxZ4bAKgvAQdQG6atwOU1NTVVGnIkfTEu9e/Z6Oho
7Ny5s7TnRkQv3LBqCgAwyNphDwDgfCXTVjZv3hzbt28v/QMrmbayb9++2L9/v3J2uEBJoDA5OVnY
l/yeTU1NxQMPPBAzMzMX9BytVivuueeeRatChBuwuLLPuf379w9hJMs3aOopwIUScAC1NT09HYcO
HYqtW7fGtm3bSo/Ztm1bTExMWE4SLsLU1FS02+247777Yv369YX9ExMTMTExEe12O6anp2N6ejpm
Z2cHBosjIyMxNjYWmzdvjs2bNy9aBZI0FDUtBRY3qLKxymZnZ4c9BGCVaUREd9iDALhYo6Ojce+9
98amTZsGHjM3N1coe9+6detKDw1WjWS52MV+z7Lm5uYKVR2tVmvZzYAPHz6soSich/vuuy/uuuuu
YQ9jWQ4ePGg1JOCSE3AAq8pi01byZmdnS8vugcWdz+/ZhWi327F3796Ynp5ekfPDajUyMhL33ntv
5UOOgwcPxu7du4WXwCUn4ABWnZGRkUWnrSTM6YeLMzExEdu2bbtkQUe73Y59+/b5vYSL1Gq1Ymxs
rHLNttvtdszOzl5wvx6ApQg4gFVrsWkrBw4ciN27dw9hVLD6tFqt2Lp1a2zatOm8/6Bqt9tx8ODB
mJqa8kcPAHBRBBzAqjc+Ph5bt26NkZGRmJubi6mpKaXvsEJGR0cXvj3euHFjIfBot9vxzDPPLHyL
axUFAOBSEXAAAAAAtdcc9gAAAAAALpaAAwAAAKg9AQcAAABQewIOAAAAoPYEHAAAAEDtCTgAAACA
2hNwAAAAALUn4AAAAABqT8ABAAAA1J6AAwAAAKg9AQcAAABQewIOAAAAoPYEHAAAAEDtCTgAAACA
2hNwAAAAALUn4AAAAABqT8ABAAAA1J6AAwAAAKg9AQcAAABQewIOAAAAoPYEHAAAAEDtCTgAAACA
2hNwAAAAALUn4AAAAABqT8ABAAAA1J6AAwAAAKg9AQcAAABQewIOAAAAoPYEHAAAAEDtCTgAAACA
2hNwAAAAALUn4AAAAABqT8ABAAAA1J6AAwAAAKg9AQcAAABQewIOAAAAoPYEHAAAAEDtCTgAAACA
2hNwAAAAALX3nwFOlfJW/gASvQAAAABJRU5ErkJggg==
" width="800px"&gt;</msg>
<status status="PASS" starttime="20230828 12:30:02.944" endtime="20230828 12:30:03.734"/>
</kw>
<msg timestamp="20230828 12:30:03.734" level="INFO">criteria is Electricity</msg>
<msg timestamp="20230828 12:30:03.734" level="FAIL">ValueError: Element locator 'Electricity' did not match any elements.</msg>
<status status="FAIL" starttime="20230828 12:30:02.883" endtime="20230828 12:30:03.734"/>
</kw>
<status status="FAIL" starttime="20230828 12:30:02.883" endtime="20230828 12:30:03.734"/>
</kw>
<status status="FAIL" starttime="20230828 12:30:02.883" endtime="20230828 12:30:03.734"/>
</kw>
<status status="FAIL" starttime="20230828 12:30:02.883" endtime="20230828 12:30:03.734"/>
</kw>
<status status="FAIL" starttime="20230828 12:30:02.883" endtime="20230828 12:30:03.734"/>
</kw>
<status status="FAIL" starttime="20230828 12:30:02.883" endtime="20230828 12:30:03.734"/>
</iter>
<status status="FAIL" starttime="20230828 12:30:02.883" endtime="20230828 12:30:03.734"/>
</for>
<status status="FAIL" starttime="20230828 12:29:59.525" endtime="20230828 12:30:03.734"/>
</kw>
<status status="FAIL" starttime="20230828 12:29:25.991" endtime="20230828 12:30:03.734">ValueError: Element locator 'Electricity' did not match any elements.</status>
</test>
<doc>To validate the transactions through Move Money</doc>
<status status="FAIL" starttime="20230828 12:29:25.888" endtime="20230828 12:30:03.738"/>
</suite>
<statistics>
<total>
<stat pass="0" fail="1" skip="0">All Tests</stat>
</total>
<tag>
</tag>
<suite>
<stat pass="0" fail="1" skip="0" id="s1" name="Payments">Payments</stat>
</suite>
</statistics>
<errors>
<msg timestamp="20230828 12:29:25.983" level="ERROR">Error in file 'C:\Users\m.ahmad\PycharmProjects\ZindigiAutomation\PO\LoginPage.robot' on line 5: Resource file 'Login.robot' does not exist.</msg>
</errors>
</robot>
